# JRE version: Java(TM) SE Runtime Environment (8.0_261-b12) (build 1.8.0_261-b12)
# Java VM: Java HotSpot(TM) 64-Bit Server VM (25.261-b12 mixed mode windows-amd64 compressed oops)
Heap:
 PSYoungGen      total 252928K, used 137600K [0x00000000edf80000, 0x0000000100000000, 0x0000000100000000)
  eden space 252416K, 54% used [0x00000000edf80000,0x00000000f65d80a8,0x00000000fd600000)
  from space 512K, 6% used [0x00000000fff00000,0x00000000fff08000,0x00000000fff80000)
  to   space 512K, 0% used [0x00000000fff80000,0x00000000fff80000,0x0000000100000000)
 ParOldGen       total 38400K, used 10145K [0x00000000c9e00000, 0x00000000cc380000, 0x00000000edf80000)
  object space 38400K, 26% used [0x00000000c9e00000,0x00000000ca7e84f0,0x00000000cc380000)
 Metaspace       used 14849K, capacity 15078K, committed 15360K, reserved 1062912K
  class space    used 1720K, capacity 1779K, committed 1792K, reserved 1048576K
GC Heap History (10 events):
Event: 41.056 GC heap before
{Heap before GC invocations=427 (full 0):
 PSYoungGen      total 202752K, used 202272K [0x00000000edf80000, 0x0000000100000000, 0x0000000100000000)
  eden space 202240K, 100% used [0x00000000edf80000,0x00000000fa500000,0x00000000fa500000)
  from space 512K, 6% used [0x00000000fff80000,0x00000000fff88000,0x0000000100000000)
  to   space 512K, 0% used [0x00000000fff00000,0x00000000fff00000,0x00000000fff80000)
 ParOldGen       total 38400K, used 10121K [0x00000000c9e00000, 0x00000000cc380000, 0x00000000edf80000)
  object space 38400K, 26% used [0x00000000c9e00000,0x00000000ca7e24f0,0x00000000cc380000)
 Metaspace       used 14841K, capacity 15078K, committed 15360K, reserved 1062912K
  class space    used 1719K, capacity 1779K, committed 1792K, reserved 1048576K
Event: 41.056 GC heap after
Heap after GC invocations=427 (full 0):
 PSYoungGen      total 243200K, used 32K [0x00000000edf80000, 0x0000000100000000, 0x0000000100000000)
  eden space 242688K, 0% used [0x00000000edf80000,0x00000000edf80000,0x00000000fcc80000)
  from space 512K, 6% used [0x00000000fff00000,0x00000000fff08000,0x00000000fff80000)
  to   space 512K, 0% used [0x00000000fff80000,0x00000000fff80000,0x0000000100000000)
 ParOldGen       total 38400K, used 10121K [0x00000000c9e00000, 0x00000000cc380000, 0x00000000edf80000)
  object space 38400K, 26% used [0x00000000c9e00000,0x00000000ca7e24f0,0x00000000cc380000)
 Metaspace       used 14841K, capacity 15078K, committed 15360K, reserved 1062912K
  class space    used 1719K, capacity 1779K, committed 1792K, reserved 1048576K
}
Event: 41.157 GC heap before
{Heap before GC invocations=428 (full 0):
 PSYoungGen      total 243200K, used 242720K [0x00000000edf80000, 0x0000000100000000, 0x0000000100000000)
  eden space 242688K, 100% used [0x00000000edf80000,0x00000000fcc80000,0x00000000fcc80000)
  from space 512K, 6% used [0x00000000fff00000,0x00000000fff08000,0x00000000fff80000)
  to   space 512K, 0% used [0x00000000fff80000,0x00000000fff80000,0x0000000100000000)
 ParOldGen       total 38400K, used 10121K [0x00000000c9e00000, 0x00000000cc380000, 0x00000000edf80000)
  object space 38400K, 26% used [0x00000000c9e00000,0x00000000ca7e24f0,0x00000000cc380000)
 Metaspace       used 14847K, capacity 15078K, committed 15360K, reserved 1062912K
  class space    used 1719K, capacity 1779K, committed 1792K, reserved 1048576K
Event: 41.158 GC heap after
Heap after GC invocations=428 (full 0):
 PSYoungGen      total 291840K, used 64K [0x00000000edf80000, 0x0000000100000000, 0x0000000100000000)
  eden space 291328K, 0% used [0x00000000edf80000,0x00000000edf80000,0x00000000ffc00000)
  from space 512K, 12% used [0x00000000fff80000,0x00000000fff90000,0x0000000100000000)
  to   space 512K, 0% used [0x00000000fff00000,0x00000000fff00000,0x00000000fff80000)
 ParOldGen       total 38400K, used 10121K [0x00000000c9e00000, 0x00000000cc380000, 0x00000000edf80000)
  object space 38400K, 26% used [0x00000000c9e00000,0x00000000ca7e24f0,0x00000000cc380000)
 Metaspace       used 14847K, capacity 15078K, committed 15360K, reserved 1062912K
  class space    used 1719K, capacity 1779K, committed 1792K, reserved 1048576K
}
Event: 41.278 GC heap before
{Heap before GC invocations=429 (full 0):
 PSYoungGen      total 291840K, used 291392K [0x00000000edf80000, 0x0000000100000000, 0x0000000100000000)
  eden space 291328K, 100% used [0x00000000edf80000,0x00000000ffc00000,0x00000000ffc00000)
  from space 512K, 12% used [0x00000000fff80000,0x00000000fff90000,0x0000000100000000)
  to   space 512K, 0% used [0x00000000fff00000,0x00000000fff00000,0x00000000fff80000)
 ParOldGen       total 38400K, used 10121K [0x00000000c9e00000, 0x00000000cc380000, 0x00000000edf80000)
  object space 38400K, 26% used [0x00000000c9e00000,0x00000000ca7e24f0,0x00000000cc380000)
 Metaspace       used 14847K, capacity 15078K, committed 15360K, reserved 1062912K
  class space    used 1719K, capacity 1779K, committed 1792K, reserved 1048576K
Event: 41.279 GC heap after
Heap after GC invocations=429 (full 0):
 PSYoungGen      total 278016K, used 32K [0x00000000edf80000, 0x0000000100000000, 0x0000000100000000)
  eden space 277504K, 0% used [0x00000000edf80000,0x00000000edf80000,0x00000000fee80000)
  from space 512K, 6% used [0x00000000fff00000,0x00000000fff08000,0x00000000fff80000)
  to   space 512K, 0% used [0x00000000fff80000,0x00000000fff80000,0x0000000100000000)
 ParOldGen       total 38400K, used 10137K [0x00000000c9e00000, 0x00000000cc380000, 0x00000000edf80000)
  object space 38400K, 26% used [0x00000000c9e00000,0x00000000ca7e64f0,0x00000000cc380000)
 Metaspace       used 14847K, capacity 15078K, committed 15360K, reserved 1062912K
  class space    used 1719K, capacity 1779K, committed 1792K, reserved 1048576K
}
Event: 41.390 GC heap before
{Heap before GC invocations=430 (full 0):
 PSYoungGen      total 278016K, used 277536K [0x00000000edf80000, 0x0000000100000000, 0x0000000100000000)
  eden space 277504K, 100% used [0x00000000edf80000,0x00000000fee80000,0x00000000fee80000)
  from space 512K, 6% used [0x00000000fff00000,0x00000000fff08000,0x00000000fff80000)
  to   space 512K, 0% used [0x00000000fff80000,0x00000000fff80000,0x0000000100000000)
 ParOldGen       total 38400K, used 10137K [0x00000000c9e00000, 0x00000000cc380000, 0x00000000edf80000)
  object space 38400K, 26% used [0x00000000c9e00000,0x00000000ca7e64f0,0x00000000cc380000)
 Metaspace       used 14847K, capacity 15078K, committed 15360K, reserved 1062912K
  class space    used 1719K, capacity 1779K, committed 1792K, reserved 1048576K
Event: 41.391 GC heap after
Heap after GC invocations=430 (full 0):
 PSYoungGen      total 265216K, used 32K [0x00000000edf80000, 0x0000000100000000, 0x0000000100000000)
  eden space 264704K, 0% used [0x00000000edf80000,0x00000000edf80000,0x00000000fe200000)
  from space 512K, 6% used [0x00000000fff80000,0x00000000fff88000,0x0000000100000000)
  to   space 512K, 0% used [0x00000000fff00000,0x00000000fff00000,0x00000000fff80000)
 ParOldGen       total 38400K, used 10145K [0x00000000c9e00000, 0x00000000cc380000, 0x00000000edf80000)
  object space 38400K, 26% used [0x00000000c9e00000,0x00000000ca7e84f0,0x00000000cc380000)
 Metaspace       used 14847K, capacity 15078K, committed 15360K, reserved 1062912K
  class space    used 1719K, capacity 1779K, committed 1792K, reserved 1048576K
}
Event: 41.497 GC heap before
{Heap before GC invocations=431 (full 0):
 PSYoungGen      total 265216K, used 264736K [0x00000000edf80000, 0x0000000100000000, 0x0000000100000000)
  eden space 264704K, 100% used [0x00000000edf80000,0x00000000fe200000,0x00000000fe200000)
  from space 512K, 6% used [0x00000000fff80000,0x00000000fff88000,0x0000000100000000)
  to   space 512K, 0% used [0x00000000fff00000,0x00000000fff00000,0x00000000fff80000)
 ParOldGen       total 38400K, used 10145K [0x00000000c9e00000, 0x00000000cc380000, 0x00000000edf80000)
  object space 38400K, 26% used [0x00000000c9e00000,0x00000000ca7e84f0,0x00000000cc380000)
 Metaspace       used 14847K, capacity 15078K, committed 15360K, reserved 1062912K
  class space    used 1719K, capacity 1779K, committed 1792K, reserved 1048576K
Event: 41.498 GC heap after
Heap after GC invocations=431 (full 0):
 PSYoungGen      total 252928K, used 32K [0x00000000edf80000, 0x0000000100000000, 0x0000000100000000)
  eden space 252416K, 0% used [0x00000000edf80000,0x00000000edf80000,0x00000000fd600000)
  from space 512K, 6% used [0x00000000fff00000,0x00000000fff08000,0x00000000fff80000)
  to   space 512K, 0% used [0x00000000fff80000,0x00000000fff80000,0x0000000100000000)
 ParOldGen       total 38400K, used 10145K [0x00000000c9e00000, 0x00000000cc380000, 0x00000000edf80000)
  object space 38400K, 26% used [0x00000000c9e00000,0x00000000ca7e84f0,0x00000000cc380000)
 Metaspace       used 14847K, capacity 15078K, committed 15360K, reserved 1062912K
  class space    used 1719K, capacity 1779K, committed 1792K, reserved 1048576K
}

