# JRE version: Java(TM) SE Runtime Environment (8.0_261-b12) (build 1.8.0_261-b12)
# Java VM: Java HotSpot(TM) 64-Bit Server VM (25.261-b12 mixed mode windows-amd64 compressed oops)
Heap:
 PSYoungGen      total 258560K, used 160883K [0x00000000edf80000, 0x0000000100000000, 0x0000000100000000)
  eden space 258048K, 62% used [0x00000000edf80000,0x00000000f7c94e20,0x00000000fdb80000)
  from space 512K, 6% used [0x00000000fff00000,0x00000000fff08000,0x00000000fff80000)
  to   space 512K, 0% used [0x00000000fff80000,0x00000000fff80000,0x0000000100000000)
 ParOldGen       total 38400K, used 12407K [0x00000000c9e00000, 0x00000000cc380000, 0x00000000edf80000)
  object space 38400K, 32% used [0x00000000c9e00000,0x00000000caa1df88,0x00000000cc380000)
 Metaspace       used 15091K, capacity 15370K, committed 15744K, reserved 1062912K
  class space    used 1726K, capacity 1811K, committed 1920K, reserved 1048576K
GC Heap History (10 events):
Event: 81.648 GC heap before
{Heap before GC invocations=343 (full 0):
 PSYoungGen      total 206848K, used 206368K [0x00000000edf80000, 0x0000000100000000, 0x0000000100000000)
  eden space 206336K, 100% used [0x00000000edf80000,0x00000000fa900000,0x00000000fa900000)
  from space 512K, 6% used [0x00000000fff80000,0x00000000fff88000,0x0000000100000000)
  to   space 512K, 0% used [0x00000000fff00000,0x00000000fff00000,0x00000000fff80000)
 ParOldGen       total 38400K, used 12391K [0x00000000c9e00000, 0x00000000cc380000, 0x00000000edf80000)
  object space 38400K, 32% used [0x00000000c9e00000,0x00000000caa19f88,0x00000000cc380000)
 Metaspace       used 15087K, capacity 15370K, committed 15744K, reserved 1062912K
  class space    used 1726K, capacity 1811K, committed 1920K, reserved 1048576K
Event: 81.649 GC heap after
Heap after GC invocations=343 (full 0):
 PSYoungGen      total 248320K, used 64K [0x00000000edf80000, 0x0000000100000000, 0x0000000100000000)
  eden space 247808K, 0% used [0x00000000edf80000,0x00000000edf80000,0x00000000fd180000)
  from space 512K, 12% used [0x00000000fff00000,0x00000000fff10000,0x00000000fff80000)
  to   space 512K, 0% used [0x00000000fff80000,0x00000000fff80000,0x0000000100000000)
 ParOldGen       total 38400K, used 12391K [0x00000000c9e00000, 0x00000000cc380000, 0x00000000edf80000)
  object space 38400K, 32% used [0x00000000c9e00000,0x00000000caa19f88,0x00000000cc380000)
 Metaspace       used 15087K, capacity 15370K, committed 15744K, reserved 1062912K
  class space    used 1726K, capacity 1811K, committed 1920K, reserved 1048576K
}
Event: 81.778 GC heap before
{Heap before GC invocations=344 (full 0):
 PSYoungGen      total 248320K, used 247872K [0x00000000edf80000, 0x0000000100000000, 0x0000000100000000)
  eden space 247808K, 100% used [0x00000000edf80000,0x00000000fd180000,0x00000000fd180000)
  from space 512K, 12% used [0x00000000fff00000,0x00000000fff10000,0x00000000fff80000)
  to   space 512K, 0% used [0x00000000fff80000,0x00000000fff80000,0x0000000100000000)
 ParOldGen       total 38400K, used 12391K [0x00000000c9e00000, 0x00000000cc380000, 0x00000000edf80000)
  object space 38400K, 32% used [0x00000000c9e00000,0x00000000caa19f88,0x00000000cc380000)
 Metaspace       used 15089K, capacity 15370K, committed 15744K, reserved 1062912K
  class space    used 1726K, capacity 1811K, committed 1920K, reserved 1048576K
Event: 81.779 GC heap after
Heap after GC invocations=344 (full 0):
 PSYoungGen      total 237056K, used 64K [0x00000000edf80000, 0x0000000100000000, 0x0000000100000000)
  eden space 236544K, 0% used [0x00000000edf80000,0x00000000edf80000,0x00000000fc680000)
  from space 512K, 12% used [0x00000000fff80000,0x00000000fff90000,0x0000000100000000)
  to   space 512K, 0% used [0x00000000fff00000,0x00000000fff00000,0x00000000fff80000)
 ParOldGen       total 38400K, used 12391K [0x00000000c9e00000, 0x00000000cc380000, 0x00000000edf80000)
  object space 38400K, 32% used [0x00000000c9e00000,0x00000000caa19f88,0x00000000cc380000)
 Metaspace       used 15089K, capacity 15370K, committed 15744K, reserved 1062912K
  class space    used 1726K, capacity 1811K, committed 1920K, reserved 1048576K
}
Event: 81.900 GC heap before
{Heap before GC invocations=345 (full 0):
 PSYoungGen      total 237056K, used 236608K [0x00000000edf80000, 0x0000000100000000, 0x0000000100000000)
  eden space 236544K, 100% used [0x00000000edf80000,0x00000000fc680000,0x00000000fc680000)
  from space 512K, 12% used [0x00000000fff80000,0x00000000fff90000,0x0000000100000000)
  to   space 512K, 0% used [0x00000000fff00000,0x00000000fff00000,0x00000000fff80000)
 ParOldGen       total 38400K, used 12391K [0x00000000c9e00000, 0x00000000cc380000, 0x00000000edf80000)
  object space 38400K, 32% used [0x00000000c9e00000,0x00000000caa19f88,0x00000000cc380000)
 Metaspace       used 15089K, capacity 15370K, committed 15744K, reserved 1062912K
  class space    used 1726K, capacity 1811K, committed 1920K, reserved 1048576K
Event: 81.902 GC heap after
Heap after GC invocations=345 (full 0):
 PSYoungGen      total 284672K, used 32K [0x00000000edf80000, 0x0000000100000000, 0x0000000100000000)
  eden space 284160K, 0% used [0x00000000edf80000,0x00000000edf80000,0x00000000ff500000)
  from space 512K, 6% used [0x00000000fff00000,0x00000000fff08000,0x00000000fff80000)
  to   space 512K, 0% used [0x00000000fff80000,0x00000000fff80000,0x0000000100000000)
 ParOldGen       total 38400K, used 12399K [0x00000000c9e00000, 0x00000000cc380000, 0x00000000edf80000)
  object space 38400K, 32% used [0x00000000c9e00000,0x00000000caa1bf88,0x00000000cc380000)
 Metaspace       used 15089K, capacity 15370K, committed 15744K, reserved 1062912K
  class space    used 1726K, capacity 1811K, committed 1920K, reserved 1048576K
}
Event: 82.047 GC heap before
{Heap before GC invocations=346 (full 0):
 PSYoungGen      total 284672K, used 284192K [0x00000000edf80000, 0x0000000100000000, 0x0000000100000000)
  eden space 284160K, 100% used [0x00000000edf80000,0x00000000ff500000,0x00000000ff500000)
  from space 512K, 6% used [0x00000000fff00000,0x00000000fff08000,0x00000000fff80000)
  to   space 512K, 0% used [0x00000000fff80000,0x00000000fff80000,0x0000000100000000)
 ParOldGen       total 38400K, used 12399K [0x00000000c9e00000, 0x00000000cc380000, 0x00000000edf80000)
  object space 38400K, 32% used [0x00000000c9e00000,0x00000000caa1bf88,0x00000000cc380000)
 Metaspace       used 15089K, capacity 15370K, committed 15744K, reserved 1062912K
  class space    used 1726K, capacity 1811K, committed 1920K, reserved 1048576K
Event: 82.048 GC heap after
Heap after GC invocations=346 (full 0):
 PSYoungGen      total 271360K, used 32K [0x00000000edf80000, 0x0000000100000000, 0x0000000100000000)
  eden space 270848K, 0% used [0x00000000edf80000,0x00000000edf80000,0x00000000fe800000)
  from space 512K, 6% used [0x00000000fff80000,0x00000000fff88000,0x0000000100000000)
  to   space 512K, 0% used [0x00000000fff00000,0x00000000fff00000,0x00000000fff80000)
 ParOldGen       total 38400K, used 12407K [0x00000000c9e00000, 0x00000000cc380000, 0x00000000edf80000)
  object space 38400K, 32% used [0x00000000c9e00000,0x00000000caa1df88,0x00000000cc380000)
 Metaspace       used 15089K, capacity 15370K, committed 15744K, reserved 1062912K
  class space    used 1726K, capacity 1811K, committed 1920K, reserved 1048576K
}
Event: 82.187 GC heap before
{Heap before GC invocations=347 (full 0):
 PSYoungGen      total 271360K, used 270880K [0x00000000edf80000, 0x0000000100000000, 0x0000000100000000)
  eden space 270848K, 100% used [0x00000000edf80000,0x00000000fe800000,0x00000000fe800000)
  from space 512K, 6% used [0x00000000fff80000,0x00000000fff88000,0x0000000100000000)
  to   space 512K, 0% used [0x00000000fff00000,0x00000000fff00000,0x00000000fff80000)
 ParOldGen       total 38400K, used 12407K [0x00000000c9e00000, 0x00000000cc380000, 0x00000000edf80000)
  object space 38400K, 32% used [0x00000000c9e00000,0x00000000caa1df88,0x00000000cc380000)
 Metaspace       used 15089K, capacity 15370K, committed 15744K, reserved 1062912K
  class space    used 1726K, capacity 1811K, committed 1920K, reserved 1048576K
Event: 82.188 GC heap after
Heap after GC invocations=347 (full 0):
 PSYoungGen      total 258560K, used 32K [0x00000000edf80000, 0x0000000100000000, 0x0000000100000000)
  eden space 258048K, 0% used [0x00000000edf80000,0x00000000edf80000,0x00000000fdb80000)
  from space 512K, 6% used [0x00000000fff00000,0x00000000fff08000,0x00000000fff80000)
  to   space 512K, 0% used [0x00000000fff80000,0x00000000fff80000,0x0000000100000000)
 ParOldGen       total 38400K, used 12407K [0x00000000c9e00000, 0x00000000cc380000, 0x00000000edf80000)
  object space 38400K, 32% used [0x00000000c9e00000,0x00000000caa1df88,0x00000000cc380000)
 Metaspace       used 15089K, capacity 15370K, committed 15744K, reserved 1062912K
  class space    used 1726K, capacity 1811K, committed 1920K, reserved 1048576K
}

