# JRE version: Java(TM) SE Runtime Environment (8.0_261-b12) (build 1.8.0_261-b12)
# Java VM: Java HotSpot(TM) 64-Bit Server VM (25.261-b12 mixed mode windows-amd64 compressed oops)
Heap:
 PSYoungGen      total 221696K, used 142325K [0x00000000edf80000, 0x0000000100000000, 0x0000000100000000)
  eden space 221184K, 64% used [0x00000000edf80000,0x00000000f6a754f0,0x00000000fb780000)
  from space 512K, 6% used [0x00000000fff80000,0x00000000fff88000,0x0000000100000000)
  to   space 512K, 0% used [0x00000000fff00000,0x00000000fff00000,0x00000000fff80000)
 ParOldGen       total 38400K, used 10453K [0x00000000c9e00000, 0x00000000cc380000, 0x00000000edf80000)
  object space 38400K, 27% used [0x00000000c9e00000,0x00000000ca8354e0,0x00000000cc380000)
 Metaspace       used 14896K, capacity 15178K, committed 15488K, reserved 1062912K
  class space    used 1726K, capacity 1811K, committed 1920K, reserved 1048576K
GC Heap History (10 events):
Event: 55.740 GC heap before
{Heap before GC invocations=344 (full 0):
 PSYoungGen      total 281088K, used 280608K [0x00000000edf80000, 0x0000000100000000, 0x0000000100000000)
  eden space 280576K, 100% used [0x00000000edf80000,0x00000000ff180000,0x00000000ff180000)
  from space 512K, 6% used [0x00000000fff00000,0x00000000fff08000,0x00000000fff80000)
  to   space 512K, 0% used [0x00000000fff80000,0x00000000fff80000,0x0000000100000000)
 ParOldGen       total 38400K, used 10429K [0x00000000c9e00000, 0x00000000cc380000, 0x00000000edf80000)
  object space 38400K, 27% used [0x00000000c9e00000,0x00000000ca82f4e0,0x00000000cc380000)
 Metaspace       used 14892K, capacity 15178K, committed 15488K, reserved 1062912K
  class space    used 1726K, capacity 1811K, committed 1920K, reserved 1048576K
Event: 55.742 GC heap after
Heap after GC invocations=344 (full 0):
 PSYoungGen      total 267776K, used 64K [0x00000000edf80000, 0x0000000100000000, 0x0000000100000000)
  eden space 267264K, 0% used [0x00000000edf80000,0x00000000edf80000,0x00000000fe480000)
  from space 512K, 12% used [0x00000000fff80000,0x00000000fff90000,0x0000000100000000)
  to   space 512K, 0% used [0x00000000fff00000,0x00000000fff00000,0x00000000fff80000)
 ParOldGen       total 38400K, used 10429K [0x00000000c9e00000, 0x00000000cc380000, 0x00000000edf80000)
  object space 38400K, 27% used [0x00000000c9e00000,0x00000000ca82f4e0,0x00000000cc380000)
 Metaspace       used 14892K, capacity 15178K, committed 15488K, reserved 1062912K
  class space    used 1726K, capacity 1811K, committed 1920K, reserved 1048576K
}
Event: 55.875 GC heap before
{Heap before GC invocations=345 (full 0):
 PSYoungGen      total 267776K, used 267328K [0x00000000edf80000, 0x0000000100000000, 0x0000000100000000)
  eden space 267264K, 100% used [0x00000000edf80000,0x00000000fe480000,0x00000000fe480000)
  from space 512K, 12% used [0x00000000fff80000,0x00000000fff90000,0x0000000100000000)
  to   space 512K, 0% used [0x00000000fff00000,0x00000000fff00000,0x00000000fff80000)
 ParOldGen       total 38400K, used 10429K [0x00000000c9e00000, 0x00000000cc380000, 0x00000000edf80000)
  object space 38400K, 27% used [0x00000000c9e00000,0x00000000ca82f4e0,0x00000000cc380000)
 Metaspace       used 14892K, capacity 15178K, committed 15488K, reserved 1062912K
  class space    used 1726K, capacity 1811K, committed 1920K, reserved 1048576K
Event: 55.876 GC heap after
Heap after GC invocations=345 (full 0):
 PSYoungGen      total 255488K, used 32K [0x00000000edf80000, 0x0000000100000000, 0x0000000100000000)
  eden space 254976K, 0% used [0x00000000edf80000,0x00000000edf80000,0x00000000fd880000)
  from space 512K, 6% used [0x00000000fff00000,0x00000000fff08000,0x00000000fff80000)
  to   space 512K, 0% used [0x00000000fff80000,0x00000000fff80000,0x0000000100000000)
 ParOldGen       total 38400K, used 10429K [0x00000000c9e00000, 0x00000000cc380000, 0x00000000edf80000)
  object space 38400K, 27% used [0x00000000c9e00000,0x00000000ca82f4e0,0x00000000cc380000)
 Metaspace       used 14892K, capacity 15178K, committed 15488K, reserved 1062912K
  class space    used 1726K, capacity 1811K, committed 1920K, reserved 1048576K
}
Event: 56.006 GC heap before
{Heap before GC invocations=346 (full 0):
 PSYoungGen      total 255488K, used 255008K [0x00000000edf80000, 0x0000000100000000, 0x0000000100000000)
  eden space 254976K, 100% used [0x00000000edf80000,0x00000000fd880000,0x00000000fd880000)
  from space 512K, 6% used [0x00000000fff00000,0x00000000fff08000,0x00000000fff80000)
  to   space 512K, 0% used [0x00000000fff80000,0x00000000fff80000,0x0000000100000000)
 ParOldGen       total 38400K, used 10429K [0x00000000c9e00000, 0x00000000cc380000, 0x00000000edf80000)
  object space 38400K, 27% used [0x00000000c9e00000,0x00000000ca82f4e0,0x00000000cc380000)
 Metaspace       used 14893K, capacity 15178K, committed 15488K, reserved 1062912K
  class space    used 1726K, capacity 1811K, committed 1920K, reserved 1048576K
Event: 56.008 GC heap after
Heap after GC invocations=346 (full 0):
 PSYoungGen      total 243712K, used 32K [0x00000000edf80000, 0x0000000100000000, 0x0000000100000000)
  eden space 243200K, 0% used [0x00000000edf80000,0x00000000edf80000,0x00000000fcd00000)
  from space 512K, 6% used [0x00000000fff80000,0x00000000fff88000,0x0000000100000000)
  to   space 512K, 0% used [0x00000000fff00000,0x00000000fff00000,0x00000000fff80000)
 ParOldGen       total 38400K, used 10429K [0x00000000c9e00000, 0x00000000cc380000, 0x00000000edf80000)
  object space 38400K, 27% used [0x00000000c9e00000,0x00000000ca82f4e0,0x00000000cc380000)
 Metaspace       used 14893K, capacity 15178K, committed 15488K, reserved 1062912K
  class space    used 1726K, capacity 1811K, committed 1920K, reserved 1048576K
}
Event: 56.133 GC heap before
{Heap before GC invocations=347 (full 0):
 PSYoungGen      total 243712K, used 243232K [0x00000000edf80000, 0x0000000100000000, 0x0000000100000000)
  eden space 243200K, 100% used [0x00000000edf80000,0x00000000fcd00000,0x00000000fcd00000)
  from space 512K, 6% used [0x00000000fff80000,0x00000000fff88000,0x0000000100000000)
  to   space 512K, 0% used [0x00000000fff00000,0x00000000fff00000,0x00000000fff80000)
 ParOldGen       total 38400K, used 10429K [0x00000000c9e00000, 0x00000000cc380000, 0x00000000edf80000)
  object space 38400K, 27% used [0x00000000c9e00000,0x00000000ca82f4e0,0x00000000cc380000)
 Metaspace       used 14893K, capacity 15178K, committed 15488K, reserved 1062912K
  class space    used 1726K, capacity 1811K, committed 1920K, reserved 1048576K
Event: 56.134 GC heap after
Heap after GC invocations=347 (full 0):
 PSYoungGen      total 232448K, used 32K [0x00000000edf80000, 0x0000000100000000, 0x0000000100000000)
  eden space 231936K, 0% used [0x00000000edf80000,0x00000000edf80000,0x00000000fc200000)
  from space 512K, 6% used [0x00000000fff00000,0x00000000fff08000,0x00000000fff80000)
  to   space 512K, 0% used [0x00000000fff80000,0x00000000fff80000,0x0000000100000000)
 ParOldGen       total 38400K, used 10445K [0x00000000c9e00000, 0x00000000cc380000, 0x00000000edf80000)
  object space 38400K, 27% used [0x00000000c9e00000,0x00000000ca8334e0,0x00000000cc380000)
 Metaspace       used 14893K, capacity 15178K, committed 15488K, reserved 1062912K
  class space    used 1726K, capacity 1811K, committed 1920K, reserved 1048576K
}
Event: 56.255 GC heap before
{Heap before GC invocations=348 (full 0):
 PSYoungGen      total 232448K, used 231968K [0x00000000edf80000, 0x0000000100000000, 0x0000000100000000)
  eden space 231936K, 100% used [0x00000000edf80000,0x00000000fc200000,0x00000000fc200000)
  from space 512K, 6% used [0x00000000fff00000,0x00000000fff08000,0x00000000fff80000)
  to   space 512K, 0% used [0x00000000fff80000,0x00000000fff80000,0x0000000100000000)
 ParOldGen       total 38400K, used 10445K [0x00000000c9e00000, 0x00000000cc380000, 0x00000000edf80000)
  object space 38400K, 27% used [0x00000000c9e00000,0x00000000ca8334e0,0x00000000cc380000)
 Metaspace       used 14893K, capacity 15178K, committed 15488K, reserved 1062912K
  class space    used 1726K, capacity 1811K, committed 1920K, reserved 1048576K
Event: 56.256 GC heap after
Heap after GC invocations=348 (full 0):
 PSYoungGen      total 221696K, used 32K [0x00000000edf80000, 0x0000000100000000, 0x0000000100000000)
  eden space 221184K, 0% used [0x00000000edf80000,0x00000000edf80000,0x00000000fb780000)
  from space 512K, 6% used [0x00000000fff80000,0x00000000fff88000,0x0000000100000000)
  to   space 512K, 0% used [0x00000000fff00000,0x00000000fff00000,0x00000000fff80000)
 ParOldGen       total 38400K, used 10453K [0x00000000c9e00000, 0x00000000cc380000, 0x00000000edf80000)
  object space 38400K, 27% used [0x00000000c9e00000,0x00000000ca8354e0,0x00000000cc380000)
 Metaspace       used 14893K, capacity 15178K, committed 15488K, reserved 1062912K
  class space    used 1726K, capacity 1811K, committed 1920K, reserved 1048576K
}

