# JRE version: Java(TM) SE Runtime Environment (8.0_261-b12) (build 1.8.0_261-b12)
# Java VM: Java HotSpot(TM) 64-Bit Server VM (25.261-b12 mixed mode windows-amd64 compressed oops)
Heap:
 PSYoungGen      total 202752K, used 165681K [0x00000000edf80000, 0x00000000ff980000, 0x0000000100000000)
  eden space 202240K, 81% used [0x00000000edf80000,0x00000000f8144578,0x00000000fa500000)
  from space 512K, 6% used [0x00000000ff880000,0x00000000ff888000,0x00000000ff900000)
  to   space 512K, 0% used [0x00000000ff900000,0x00000000ff900000,0x00000000ff980000)
 ParOldGen       total 38400K, used 10122K [0x00000000c9e00000, 0x00000000cc380000, 0x00000000edf80000)
  object space 38400K, 26% used [0x00000000c9e00000,0x00000000ca7e2970,0x00000000cc380000)
 Metaspace       used 14848K, capacity 15110K, committed 15488K, reserved 1062912K
  class space    used 1727K, capacity 1811K, committed 1920K, reserved 1048576K
GC Heap History (10 events):
Event: 43.472 GC heap before
{Heap before GC invocations=418 (full 0):
 PSYoungGen      total 213504K, used 213056K [0x00000000edf80000, 0x00000000ff980000, 0x0000000100000000)
  eden space 212992K, 100% used [0x00000000edf80000,0x00000000faf80000,0x00000000faf80000)
  from space 512K, 12% used [0x00000000ff880000,0x00000000ff890000,0x00000000ff900000)
  to   space 512K, 0% used [0x00000000ff900000,0x00000000ff900000,0x00000000ff980000)
 ParOldGen       total 38400K, used 10082K [0x00000000c9e00000, 0x00000000cc380000, 0x00000000edf80000)
  object space 38400K, 26% used [0x00000000c9e00000,0x00000000ca7d8970,0x00000000cc380000)
 Metaspace       used 14846K, capacity 15110K, committed 15488K, reserved 1062912K
  class space    used 1727K, capacity 1811K, committed 1920K, reserved 1048576K
Event: 43.473 GC heap after
Heap after GC invocations=418 (full 0):
 PSYoungGen      total 203776K, used 32K [0x00000000edf80000, 0x00000000ff980000, 0x0000000100000000)
  eden space 203264K, 0% used [0x00000000edf80000,0x00000000edf80000,0x00000000fa600000)
  from space 512K, 6% used [0x00000000ff900000,0x00000000ff908000,0x00000000ff980000)
  to   space 512K, 0% used [0x00000000ff880000,0x00000000ff880000,0x00000000ff900000)
 ParOldGen       total 38400K, used 10098K [0x00000000c9e00000, 0x00000000cc380000, 0x00000000edf80000)
  object space 38400K, 26% used [0x00000000c9e00000,0x00000000ca7dc970,0x00000000cc380000)
 Metaspace       used 14846K, capacity 15110K, committed 15488K, reserved 1062912K
  class space    used 1727K, capacity 1811K, committed 1920K, reserved 1048576K
}
Event: 43.554 GC heap before
{Heap before GC invocations=419 (full 0):
 PSYoungGen      total 203776K, used 203296K [0x00000000edf80000, 0x00000000ff980000, 0x0000000100000000)
  eden space 203264K, 100% used [0x00000000edf80000,0x00000000fa600000,0x00000000fa600000)
  from space 512K, 6% used [0x00000000ff900000,0x00000000ff908000,0x00000000ff980000)
  to   space 512K, 0% used [0x00000000ff880000,0x00000000ff880000,0x00000000ff900000)
 ParOldGen       total 38400K, used 10098K [0x00000000c9e00000, 0x00000000cc380000, 0x00000000edf80000)
  object space 38400K, 26% used [0x00000000c9e00000,0x00000000ca7dc970,0x00000000cc380000)
 Metaspace       used 14846K, capacity 15110K, committed 15488K, reserved 1062912K
  class space    used 1727K, capacity 1811K, committed 1920K, reserved 1048576K
Event: 43.555 GC heap after
Heap after GC invocations=419 (full 0):
 PSYoungGen      total 194560K, used 64K [0x00000000edf80000, 0x00000000ff980000, 0x0000000100000000)
  eden space 194048K, 0% used [0x00000000edf80000,0x00000000edf80000,0x00000000f9d00000)
  from space 512K, 12% used [0x00000000ff880000,0x00000000ff890000,0x00000000ff900000)
  to   space 512K, 0% used [0x00000000ff900000,0x00000000ff900000,0x00000000ff980000)
 ParOldGen       total 38400K, used 10106K [0x00000000c9e00000, 0x00000000cc380000, 0x00000000edf80000)
  object space 38400K, 26% used [0x00000000c9e00000,0x00000000ca7de970,0x00000000cc380000)
 Metaspace       used 14846K, capacity 15110K, committed 15488K, reserved 1062912K
  class space    used 1727K, capacity 1811K, committed 1920K, reserved 1048576K
}
Event: 43.637 GC heap before
{Heap before GC invocations=420 (full 0):
 PSYoungGen      total 194560K, used 194112K [0x00000000edf80000, 0x00000000ff980000, 0x0000000100000000)
  eden space 194048K, 100% used [0x00000000edf80000,0x00000000f9d00000,0x00000000f9d00000)
  from space 512K, 12% used [0x00000000ff880000,0x00000000ff890000,0x00000000ff900000)
  to   space 512K, 0% used [0x00000000ff900000,0x00000000ff900000,0x00000000ff980000)
 ParOldGen       total 38400K, used 10106K [0x00000000c9e00000, 0x00000000cc380000, 0x00000000edf80000)
  object space 38400K, 26% used [0x00000000c9e00000,0x00000000ca7de970,0x00000000cc380000)
 Metaspace       used 14846K, capacity 15110K, committed 15488K, reserved 1062912K
  class space    used 1727K, capacity 1811K, committed 1920K, reserved 1048576K
Event: 43.638 GC heap after
Heap after GC invocations=420 (full 0):
 PSYoungGen      total 233472K, used 64K [0x00000000edf80000, 0x00000000ff980000, 0x0000000100000000)
  eden space 232960K, 0% used [0x00000000edf80000,0x00000000edf80000,0x00000000fc300000)
  from space 512K, 12% used [0x00000000ff900000,0x00000000ff910000,0x00000000ff980000)
  to   space 512K, 0% used [0x00000000ff880000,0x00000000ff880000,0x00000000ff900000)
 ParOldGen       total 38400K, used 10106K [0x00000000c9e00000, 0x00000000cc380000, 0x00000000edf80000)
  object space 38400K, 26% used [0x00000000c9e00000,0x00000000ca7de970,0x00000000cc380000)
 Metaspace       used 14846K, capacity 15110K, committed 15488K, reserved 1062912K
  class space    used 1727K, capacity 1811K, committed 1920K, reserved 1048576K
}
Event: 43.736 GC heap before
{Heap before GC invocations=421 (full 0):
 PSYoungGen      total 233472K, used 233024K [0x00000000edf80000, 0x00000000ff980000, 0x0000000100000000)
  eden space 232960K, 100% used [0x00000000edf80000,0x00000000fc300000,0x00000000fc300000)
  from space 512K, 12% used [0x00000000ff900000,0x00000000ff910000,0x00000000ff980000)
  to   space 512K, 0% used [0x00000000ff880000,0x00000000ff880000,0x00000000ff900000)
 ParOldGen       total 38400K, used 10106K [0x00000000c9e00000, 0x00000000cc380000, 0x00000000edf80000)
  object space 38400K, 26% used [0x00000000c9e00000,0x00000000ca7de970,0x00000000cc380000)
 Metaspace       used 14846K, capacity 15110K, committed 15488K, reserved 1062912K
  class space    used 1727K, capacity 1811K, committed 1920K, reserved 1048576K
Event: 43.737 GC heap after
Heap after GC invocations=421 (full 0):
 PSYoungGen      total 222720K, used 64K [0x00000000edf80000, 0x00000000ff980000, 0x0000000100000000)
  eden space 222208K, 0% used [0x00000000edf80000,0x00000000edf80000,0x00000000fb880000)
  from space 512K, 12% used [0x00000000ff880000,0x00000000ff890000,0x00000000ff900000)
  to   space 512K, 0% used [0x00000000ff900000,0x00000000ff900000,0x00000000ff980000)
 ParOldGen       total 38400K, used 10106K [0x00000000c9e00000, 0x00000000cc380000, 0x00000000edf80000)
  object space 38400K, 26% used [0x00000000c9e00000,0x00000000ca7de970,0x00000000cc380000)
 Metaspace       used 14846K, capacity 15110K, committed 15488K, reserved 1062912K
  class space    used 1727K, capacity 1811K, committed 1920K, reserved 1048576K
}
Event: 43.832 GC heap before
{Heap before GC invocations=422 (full 0):
 PSYoungGen      total 222720K, used 222272K [0x00000000edf80000, 0x00000000ff980000, 0x0000000100000000)
  eden space 222208K, 100% used [0x00000000edf80000,0x00000000fb880000,0x00000000fb880000)
  from space 512K, 12% used [0x00000000ff880000,0x00000000ff890000,0x00000000ff900000)
  to   space 512K, 0% used [0x00000000ff900000,0x00000000ff900000,0x00000000ff980000)
 ParOldGen       total 38400K, used 10106K [0x00000000c9e00000, 0x00000000cc380000, 0x00000000edf80000)
  object space 38400K, 26% used [0x00000000c9e00000,0x00000000ca7de970,0x00000000cc380000)
 Metaspace       used 14848K, capacity 15110K, committed 15488K, reserved 1062912K
  class space    used 1727K, capacity 1811K, committed 1920K, reserved 1048576K
Event: 43.833 GC heap after
Heap after GC invocations=422 (full 0):
 PSYoungGen      total 212480K, used 96K [0x00000000edf80000, 0x00000000ff980000, 0x0000000100000000)
  eden space 211968K, 0% used [0x00000000edf80000,0x00000000edf80000,0x00000000fae80000)
  from space 512K, 18% used [0x00000000ff900000,0x00000000ff918000,0x00000000ff980000)
  to   space 512K, 0% used [0x00000000ff880000,0x00000000ff880000,0x00000000ff900000)
 ParOldGen       total 38400K, used 10106K [0x00000000c9e00000, 0x00000000cc380000, 0x00000000edf80000)
  object space 38400K, 26% used [0x00000000c9e00000,0x00000000ca7de970,0x00000000cc380000)
 Metaspace       used 14848K, capacity 15110K, committed 15488K, reserved 1062912K
  class space    used 1727K, capacity 1811K, committed 1920K, reserved 1048576K
}

