# JRE version: Java(TM) SE Runtime Environment (8.0_261-b12) (build 1.8.0_261-b12)
# Java VM: Java HotSpot(TM) 64-Bit Server VM (25.261-b12 mixed mode windows-amd64 compressed oops)
Heap:
 PSYoungGen      total 221696K, used 186933K [0x00000000edf80000, 0x0000000100000000, 0x0000000100000000)
  eden space 221184K, 84% used [0x00000000edf80000,0x00000000f9605430,0x00000000fb780000)
  from space 512K, 6% used [0x00000000fff00000,0x00000000fff08000,0x00000000fff80000)
  to   space 512K, 0% used [0x00000000fff80000,0x00000000fff80000,0x0000000100000000)
 ParOldGen       total 38400K, used 11945K [0x00000000c9e00000, 0x00000000cc380000, 0x00000000edf80000)
  object space 38400K, 31% used [0x00000000c9e00000,0x00000000ca9aa7f8,0x00000000cc380000)
 Metaspace       used 15019K, capacity 15278K, committed 15360K, reserved 1062912K
  class space    used 1720K, capacity 1779K, committed 1792K, reserved 1048576K
GC Heap History (10 events):
Event: 77.647 GC heap before
{Heap before GC invocations=493 (full 0):
 PSYoungGen      total 281088K, used 280608K [0x00000000edf80000, 0x0000000100000000, 0x0000000100000000)
  eden space 280576K, 100% used [0x00000000edf80000,0x00000000ff180000,0x00000000ff180000)
  from space 512K, 6% used [0x00000000fff80000,0x00000000fff88000,0x0000000100000000)
  to   space 512K, 0% used [0x00000000fff00000,0x00000000fff00000,0x00000000fff80000)
 ParOldGen       total 38400K, used 11921K [0x00000000c9e00000, 0x00000000cc380000, 0x00000000edf80000)
  object space 38400K, 31% used [0x00000000c9e00000,0x00000000ca9a47f8,0x00000000cc380000)
 Metaspace       used 15016K, capacity 15278K, committed 15360K, reserved 1062912K
  class space    used 1720K, capacity 1779K, committed 1792K, reserved 1048576K
Event: 77.649 GC heap after
Heap after GC invocations=493 (full 0):
 PSYoungGen      total 267776K, used 64K [0x00000000edf80000, 0x0000000100000000, 0x0000000100000000)
  eden space 267264K, 0% used [0x00000000edf80000,0x00000000edf80000,0x00000000fe480000)
  from space 512K, 12% used [0x00000000fff00000,0x00000000fff10000,0x00000000fff80000)
  to   space 512K, 0% used [0x00000000fff80000,0x00000000fff80000,0x0000000100000000)
 ParOldGen       total 38400K, used 11937K [0x00000000c9e00000, 0x00000000cc380000, 0x00000000edf80000)
  object space 38400K, 31% used [0x00000000c9e00000,0x00000000ca9a87f8,0x00000000cc380000)
 Metaspace       used 15016K, capacity 15278K, committed 15360K, reserved 1062912K
  class space    used 1720K, capacity 1779K, committed 1792K, reserved 1048576K
}
Event: 77.782 GC heap before
{Heap before GC invocations=494 (full 0):
 PSYoungGen      total 267776K, used 267328K [0x00000000edf80000, 0x0000000100000000, 0x0000000100000000)
  eden space 267264K, 100% used [0x00000000edf80000,0x00000000fe480000,0x00000000fe480000)
  from space 512K, 12% used [0x00000000fff00000,0x00000000fff10000,0x00000000fff80000)
  to   space 512K, 0% used [0x00000000fff80000,0x00000000fff80000,0x0000000100000000)
 ParOldGen       total 38400K, used 11937K [0x00000000c9e00000, 0x00000000cc380000, 0x00000000edf80000)
  object space 38400K, 31% used [0x00000000c9e00000,0x00000000ca9a87f8,0x00000000cc380000)
 Metaspace       used 15016K, capacity 15278K, committed 15360K, reserved 1062912K
  class space    used 1720K, capacity 1779K, committed 1792K, reserved 1048576K
Event: 77.783 GC heap after
Heap after GC invocations=494 (full 0):
 PSYoungGen      total 255488K, used 32K [0x00000000edf80000, 0x0000000100000000, 0x0000000100000000)
  eden space 254976K, 0% used [0x00000000edf80000,0x00000000edf80000,0x00000000fd880000)
  from space 512K, 6% used [0x00000000fff80000,0x00000000fff88000,0x0000000100000000)
  to   space 512K, 0% used [0x00000000fff00000,0x00000000fff00000,0x00000000fff80000)
 ParOldGen       total 38400K, used 11945K [0x00000000c9e00000, 0x00000000cc380000, 0x00000000edf80000)
  object space 38400K, 31% used [0x00000000c9e00000,0x00000000ca9aa7f8,0x00000000cc380000)
 Metaspace       used 15016K, capacity 15278K, committed 15360K, reserved 1062912K
  class space    used 1720K, capacity 1779K, committed 1792K, reserved 1048576K
}
Event: 77.910 GC heap before
{Heap before GC invocations=495 (full 0):
 PSYoungGen      total 255488K, used 255008K [0x00000000edf80000, 0x0000000100000000, 0x0000000100000000)
  eden space 254976K, 100% used [0x00000000edf80000,0x00000000fd880000,0x00000000fd880000)
  from space 512K, 6% used [0x00000000fff80000,0x00000000fff88000,0x0000000100000000)
  to   space 512K, 0% used [0x00000000fff00000,0x00000000fff00000,0x00000000fff80000)
 ParOldGen       total 38400K, used 11945K [0x00000000c9e00000, 0x00000000cc380000, 0x00000000edf80000)
  object space 38400K, 31% used [0x00000000c9e00000,0x00000000ca9aa7f8,0x00000000cc380000)
 Metaspace       used 15016K, capacity 15278K, committed 15360K, reserved 1062912K
  class space    used 1720K, capacity 1779K, committed 1792K, reserved 1048576K
Event: 77.911 GC heap after
Heap after GC invocations=495 (full 0):
 PSYoungGen      total 243712K, used 64K [0x00000000edf80000, 0x0000000100000000, 0x0000000100000000)
  eden space 243200K, 0% used [0x00000000edf80000,0x00000000edf80000,0x00000000fcd00000)
  from space 512K, 12% used [0x00000000fff00000,0x00000000fff10000,0x00000000fff80000)
  to   space 512K, 0% used [0x00000000fff80000,0x00000000fff80000,0x0000000100000000)
 ParOldGen       total 38400K, used 11945K [0x00000000c9e00000, 0x00000000cc380000, 0x00000000edf80000)
  object space 38400K, 31% used [0x00000000c9e00000,0x00000000ca9aa7f8,0x00000000cc380000)
 Metaspace       used 15016K, capacity 15278K, committed 15360K, reserved 1062912K
  class space    used 1720K, capacity 1779K, committed 1792K, reserved 1048576K
}
Event: 78.035 GC heap before
{Heap before GC invocations=496 (full 0):
 PSYoungGen      total 243712K, used 243264K [0x00000000edf80000, 0x0000000100000000, 0x0000000100000000)
  eden space 243200K, 100% used [0x00000000edf80000,0x00000000fcd00000,0x00000000fcd00000)
  from space 512K, 12% used [0x00000000fff00000,0x00000000fff10000,0x00000000fff80000)
  to   space 512K, 0% used [0x00000000fff80000,0x00000000fff80000,0x0000000100000000)
 ParOldGen       total 38400K, used 11945K [0x00000000c9e00000, 0x00000000cc380000, 0x00000000edf80000)
  object space 38400K, 31% used [0x00000000c9e00000,0x00000000ca9aa7f8,0x00000000cc380000)
 Metaspace       used 15016K, capacity 15278K, committed 15360K, reserved 1062912K
  class space    used 1720K, capacity 1779K, committed 1792K, reserved 1048576K
Event: 78.036 GC heap after
Heap after GC invocations=496 (full 0):
 PSYoungGen      total 232448K, used 64K [0x00000000edf80000, 0x0000000100000000, 0x0000000100000000)
  eden space 231936K, 0% used [0x00000000edf80000,0x00000000edf80000,0x00000000fc200000)
  from space 512K, 12% used [0x00000000fff80000,0x00000000fff90000,0x0000000100000000)
  to   space 512K, 0% used [0x00000000fff00000,0x00000000fff00000,0x00000000fff80000)
 ParOldGen       total 38400K, used 11945K [0x00000000c9e00000, 0x00000000cc380000, 0x00000000edf80000)
  object space 38400K, 31% used [0x00000000c9e00000,0x00000000ca9aa7f8,0x00000000cc380000)
 Metaspace       used 15016K, capacity 15278K, committed 15360K, reserved 1062912K
  class space    used 1720K, capacity 1779K, committed 1792K, reserved 1048576K
}
Event: 78.156 GC heap before
{Heap before GC invocations=497 (full 0):
 PSYoungGen      total 232448K, used 232000K [0x00000000edf80000, 0x0000000100000000, 0x0000000100000000)
  eden space 231936K, 100% used [0x00000000edf80000,0x00000000fc200000,0x00000000fc200000)
  from space 512K, 12% used [0x00000000fff80000,0x00000000fff90000,0x0000000100000000)
  to   space 512K, 0% used [0x00000000fff00000,0x00000000fff00000,0x00000000fff80000)
 ParOldGen       total 38400K, used 11945K [0x00000000c9e00000, 0x00000000cc380000, 0x00000000edf80000)
  object space 38400K, 31% used [0x00000000c9e00000,0x00000000ca9aa7f8,0x00000000cc380000)
 Metaspace       used 15016K, capacity 15278K, committed 15360K, reserved 1062912K
  class space    used 1720K, capacity 1779K, committed 1792K, reserved 1048576K
Event: 78.157 GC heap after
Heap after GC invocations=497 (full 0):
 PSYoungGen      total 221696K, used 32K [0x00000000edf80000, 0x0000000100000000, 0x0000000100000000)
  eden space 221184K, 0% used [0x00000000edf80000,0x00000000edf80000,0x00000000fb780000)
  from space 512K, 6% used [0x00000000fff00000,0x00000000fff08000,0x00000000fff80000)
  to   space 512K, 0% used [0x00000000fff80000,0x00000000fff80000,0x0000000100000000)
 ParOldGen       total 38400K, used 11945K [0x00000000c9e00000, 0x00000000cc380000, 0x00000000edf80000)
  object space 38400K, 31% used [0x00000000c9e00000,0x00000000ca9aa7f8,0x00000000cc380000)
 Metaspace       used 15016K, capacity 15278K, committed 15360K, reserved 1062912K
  class space    used 1720K, capacity 1779K, committed 1792K, reserved 1048576K
}

