# JRE version: Java(TM) SE Runtime Environment (8.0_261-b12) (build 1.8.0_261-b12)
# Java VM: Java HotSpot(TM) 64-Bit Server VM (25.261-b12 mixed mode windows-amd64 compressed oops)
Heap:
 PSYoungGen      total 209920K, used 62810K [0x00000000edf80000, 0x0000000100000000, 0x0000000100000000)
  eden space 209408K, 29% used [0x00000000edf80000,0x00000000f1cbe8d8,0x00000000fac00000)
  from space 512K, 18% used [0x00000000fff80000,0x00000000fff98000,0x0000000100000000)
  to   space 512K, 0% used [0x00000000fff00000,0x00000000fff00000,0x00000000fff80000)
 ParOldGen       total 24064K, used 18914K [0x00000000c9e00000, 0x00000000cb580000, 0x00000000edf80000)
  object space 24064K, 78% used [0x00000000c9e00000,0x00000000cb0788a8,0x00000000cb580000)
 Metaspace       used 15619K, capacity 15880K, committed 16256K, reserved 1062912K
  class space    used 1752K, capacity 1808K, committed 1920K, reserved 1048576K
GC Heap History (10 events):
Event: 1245.005 GC heap before
{Heap before GC invocations=15053 (full 2):
 PSYoungGen      total 221696K, used 221216K [0x00000000edf80000, 0x0000000100000000, 0x0000000100000000)
  eden space 221184K, 100% used [0x00000000edf80000,0x00000000fb780000,0x00000000fb780000)
  from space 512K, 6% used [0x00000000fff80000,0x00000000fff88000,0x0000000100000000)
  to   space 512K, 0% used [0x00000000fff00000,0x00000000fff00000,0x00000000fff80000)
 ParOldGen       total 24064K, used 18898K [0x00000000c9e00000, 0x00000000cb580000, 0x00000000edf80000)
  object space 24064K, 78% used [0x00000000c9e00000,0x00000000cb0748a8,0x00000000cb580000)
 Metaspace       used 15618K, capacity 15880K, committed 16256K, reserved 1062912K
  class space    used 1751K, capacity 1808K, committed 1920K, reserved 1048576K
Event: 1245.005 GC heap after
Heap after GC invocations=15053 (full 2):
 PSYoungGen      total 211456K, used 64K [0x00000000edf80000, 0x0000000100000000, 0x0000000100000000)
  eden space 210944K, 0% used [0x00000000edf80000,0x00000000edf80000,0x00000000fad80000)
  from space 512K, 12% used [0x00000000fff00000,0x00000000fff10000,0x00000000fff80000)
  to   space 512K, 0% used [0x00000000fff80000,0x00000000fff80000,0x0000000100000000)
 ParOldGen       total 24064K, used 18898K [0x00000000c9e00000, 0x00000000cb580000, 0x00000000edf80000)
  object space 24064K, 78% used [0x00000000c9e00000,0x00000000cb0748a8,0x00000000cb580000)
 Metaspace       used 15618K, capacity 15880K, committed 16256K, reserved 1062912K
  class space    used 1751K, capacity 1808K, committed 1920K, reserved 1048576K
}
Event: 1245.094 GC heap before
{Heap before GC invocations=15054 (full 2):
 PSYoungGen      total 211456K, used 211008K [0x00000000edf80000, 0x0000000100000000, 0x0000000100000000)
  eden space 210944K, 100% used [0x00000000edf80000,0x00000000fad80000,0x00000000fad80000)
  from space 512K, 12% used [0x00000000fff00000,0x00000000fff10000,0x00000000fff80000)
  to   space 512K, 0% used [0x00000000fff80000,0x00000000fff80000,0x0000000100000000)
 ParOldGen       total 24064K, used 18898K [0x00000000c9e00000, 0x00000000cb580000, 0x00000000edf80000)
  object space 24064K, 78% used [0x00000000c9e00000,0x00000000cb0748a8,0x00000000cb580000)
 Metaspace       used 15618K, capacity 15880K, committed 16256K, reserved 1062912K
  class space    used 1751K, capacity 1808K, committed 1920K, reserved 1048576K
Event: 1245.095 GC heap after
Heap after GC invocations=15054 (full 2):
 PSYoungGen      total 253952K, used 32K [0x00000000edf80000, 0x0000000100000000, 0x0000000100000000)
  eden space 253440K, 0% used [0x00000000edf80000,0x00000000edf80000,0x00000000fd700000)
  from space 512K, 6% used [0x00000000fff80000,0x00000000fff88000,0x0000000100000000)
  to   space 512K, 0% used [0x00000000fff00000,0x00000000fff00000,0x00000000fff80000)
 ParOldGen       total 24064K, used 18898K [0x00000000c9e00000, 0x00000000cb580000, 0x00000000edf80000)
  object space 24064K, 78% used [0x00000000c9e00000,0x00000000cb0748a8,0x00000000cb580000)
 Metaspace       used 15618K, capacity 15880K, committed 16256K, reserved 1062912K
  class space    used 1751K, capacity 1808K, committed 1920K, reserved 1048576K
}
Event: 1245.191 GC heap before
{Heap before GC invocations=15055 (full 2):
 PSYoungGen      total 253952K, used 253472K [0x00000000edf80000, 0x0000000100000000, 0x0000000100000000)
  eden space 253440K, 100% used [0x00000000edf80000,0x00000000fd700000,0x00000000fd700000)
  from space 512K, 6% used [0x00000000fff80000,0x00000000fff88000,0x0000000100000000)
  to   space 512K, 0% used [0x00000000fff00000,0x00000000fff00000,0x00000000fff80000)
 ParOldGen       total 24064K, used 18898K [0x00000000c9e00000, 0x00000000cb580000, 0x00000000edf80000)
  object space 24064K, 78% used [0x00000000c9e00000,0x00000000cb0748a8,0x00000000cb580000)
 Metaspace       used 15618K, capacity 15880K, committed 16256K, reserved 1062912K
  class space    used 1751K, capacity 1808K, committed 1920K, reserved 1048576K
Event: 1245.192 GC heap after
Heap after GC invocations=15055 (full 2):
 PSYoungGen      total 242176K, used 32K [0x00000000edf80000, 0x0000000100000000, 0x0000000100000000)
  eden space 241664K, 0% used [0x00000000edf80000,0x00000000edf80000,0x00000000fcb80000)
  from space 512K, 6% used [0x00000000fff00000,0x00000000fff08000,0x00000000fff80000)
  to   space 512K, 0% used [0x00000000fff80000,0x00000000fff80000,0x0000000100000000)
 ParOldGen       total 24064K, used 18906K [0x00000000c9e00000, 0x00000000cb580000, 0x00000000edf80000)
  object space 24064K, 78% used [0x00000000c9e00000,0x00000000cb0768a8,0x00000000cb580000)
 Metaspace       used 15618K, capacity 15880K, committed 16256K, reserved 1062912K
  class space    used 1751K, capacity 1808K, committed 1920K, reserved 1048576K
}
Event: 1245.288 GC heap before
{Heap before GC invocations=15056 (full 2):
 PSYoungGen      total 242176K, used 241696K [0x00000000edf80000, 0x0000000100000000, 0x0000000100000000)
  eden space 241664K, 100% used [0x00000000edf80000,0x00000000fcb80000,0x00000000fcb80000)
  from space 512K, 6% used [0x00000000fff00000,0x00000000fff08000,0x00000000fff80000)
  to   space 512K, 0% used [0x00000000fff80000,0x00000000fff80000,0x0000000100000000)
 ParOldGen       total 24064K, used 18906K [0x00000000c9e00000, 0x00000000cb580000, 0x00000000edf80000)
  object space 24064K, 78% used [0x00000000c9e00000,0x00000000cb0768a8,0x00000000cb580000)
 Metaspace       used 15618K, capacity 15880K, committed 16256K, reserved 1062912K
  class space    used 1751K, capacity 1808K, committed 1920K, reserved 1048576K
Event: 1245.289 GC heap after
Heap after GC invocations=15056 (full 2):
 PSYoungGen      total 230912K, used 32K [0x00000000edf80000, 0x0000000100000000, 0x0000000100000000)
  eden space 230400K, 0% used [0x00000000edf80000,0x00000000edf80000,0x00000000fc080000)
  from space 512K, 6% used [0x00000000fff80000,0x00000000fff88000,0x0000000100000000)
  to   space 512K, 0% used [0x00000000fff00000,0x00000000fff00000,0x00000000fff80000)
 ParOldGen       total 24064K, used 18914K [0x00000000c9e00000, 0x00000000cb580000, 0x00000000edf80000)
  object space 24064K, 78% used [0x00000000c9e00000,0x00000000cb0788a8,0x00000000cb580000)
 Metaspace       used 15618K, capacity 15880K, committed 16256K, reserved 1062912K
  class space    used 1751K, capacity 1808K, committed 1920K, reserved 1048576K
}
Event: 1245.382 GC heap before
{Heap before GC invocations=15057 (full 2):
 PSYoungGen      total 230912K, used 230432K [0x00000000edf80000, 0x0000000100000000, 0x0000000100000000)
  eden space 230400K, 100% used [0x00000000edf80000,0x00000000fc080000,0x00000000fc080000)
  from space 512K, 6% used [0x00000000fff80000,0x00000000fff88000,0x0000000100000000)
  to   space 512K, 0% used [0x00000000fff00000,0x00000000fff00000,0x00000000fff80000)
 ParOldGen       total 24064K, used 18914K [0x00000000c9e00000, 0x00000000cb580000, 0x00000000edf80000)
  object space 24064K, 78% used [0x00000000c9e00000,0x00000000cb0788a8,0x00000000cb580000)
 Metaspace       used 15618K, capacity 15880K, committed 16256K, reserved 1062912K
  class space    used 1751K, capacity 1808K, committed 1920K, reserved 1048576K
Event: 1245.383 GC heap after
Heap after GC invocations=15057 (full 2):
 PSYoungGen      total 220160K, used 64K [0x00000000edf80000, 0x0000000100000000, 0x0000000100000000)
  eden space 219648K, 0% used [0x00000000edf80000,0x00000000edf80000,0x00000000fb600000)
  from space 512K, 12% used [0x00000000fff00000,0x00000000fff10000,0x00000000fff80000)
  to   space 512K, 0% used [0x00000000fff80000,0x00000000fff80000,0x0000000100000000)
 ParOldGen       total 24064K, used 18914K [0x00000000c9e00000, 0x00000000cb580000, 0x00000000edf80000)
  object space 24064K, 78% used [0x00000000c9e00000,0x00000000cb0788a8,0x00000000cb580000)
 Metaspace       used 15618K, capacity 15880K, committed 16256K, reserved 1062912K
  class space    used 1751K, capacity 1808K, committed 1920K, reserved 1048576K
}

