# JRE version: Java(TM) SE Runtime Environment (8.0_261-b12) (build 1.8.0_261-b12)
# Java VM: Java HotSpot(TM) 64-Bit Server VM (25.261-b12 mixed mode windows-amd64 compressed oops)
Heap:
 PSYoungGen      total 179712K, used 172959K [0x00000000edf80000, 0x00000000ff180000, 0x0000000100000000)
  eden space 179200K, 96% used [0x00000000edf80000,0x00000000f885fd20,0x00000000f8e80000)
  from space 512K, 6% used [0x00000000ff100000,0x00000000ff108000,0x00000000ff180000)
  to   space 512K, 0% used [0x00000000ff080000,0x00000000ff080000,0x00000000ff100000)
 ParOldGen       total 38400K, used 12201K [0x00000000c9e00000, 0x00000000cc380000, 0x00000000edf80000)
  object space 38400K, 31% used [0x00000000c9e00000,0x00000000ca9ea7e0,0x00000000cc380000)
 Metaspace       used 14926K, capacity 15150K, committed 15360K, reserved 1062912K
  class space    used 1720K, capacity 1779K, committed 1792K, reserved 1048576K
GC Heap History (10 events):
Event: 43.895 GC heap before
{Heap before GC invocations=464 (full 0):
 PSYoungGen      total 226304K, used 225856K [0x00000000edf80000, 0x00000000ff180000, 0x0000000100000000)
  eden space 225792K, 100% used [0x00000000edf80000,0x00000000fbc00000,0x00000000fbc00000)
  from space 512K, 12% used [0x00000000ff080000,0x00000000ff090000,0x00000000ff100000)
  to   space 512K, 0% used [0x00000000ff100000,0x00000000ff100000,0x00000000ff180000)
 ParOldGen       total 38400K, used 12177K [0x00000000c9e00000, 0x00000000cc380000, 0x00000000edf80000)
  object space 38400K, 31% used [0x00000000c9e00000,0x00000000ca9e47e0,0x00000000cc380000)
 Metaspace       used 14923K, capacity 15150K, committed 15360K, reserved 1062912K
  class space    used 1719K, capacity 1779K, committed 1792K, reserved 1048576K
Event: 43.895 GC heap after
Heap after GC invocations=464 (full 0):
 PSYoungGen      total 216064K, used 32K [0x00000000edf80000, 0x00000000ff180000, 0x0000000100000000)
  eden space 215552K, 0% used [0x00000000edf80000,0x00000000edf80000,0x00000000fb200000)
  from space 512K, 6% used [0x00000000ff100000,0x00000000ff108000,0x00000000ff180000)
  to   space 512K, 0% used [0x00000000ff080000,0x00000000ff080000,0x00000000ff100000)
 ParOldGen       total 38400K, used 12177K [0x00000000c9e00000, 0x00000000cc380000, 0x00000000edf80000)
  object space 38400K, 31% used [0x00000000c9e00000,0x00000000ca9e47e0,0x00000000cc380000)
 Metaspace       used 14923K, capacity 15150K, committed 15360K, reserved 1062912K
  class space    used 1719K, capacity 1779K, committed 1792K, reserved 1048576K
}
Event: 43.985 GC heap before
{Heap before GC invocations=465 (full 0):
 PSYoungGen      total 216064K, used 215584K [0x00000000edf80000, 0x00000000ff180000, 0x0000000100000000)
  eden space 215552K, 100% used [0x00000000edf80000,0x00000000fb200000,0x00000000fb200000)
  from space 512K, 6% used [0x00000000ff100000,0x00000000ff108000,0x00000000ff180000)
  to   space 512K, 0% used [0x00000000ff080000,0x00000000ff080000,0x00000000ff100000)
 ParOldGen       total 38400K, used 12177K [0x00000000c9e00000, 0x00000000cc380000, 0x00000000edf80000)
  object space 38400K, 31% used [0x00000000c9e00000,0x00000000ca9e47e0,0x00000000cc380000)
 Metaspace       used 14923K, capacity 15150K, committed 15360K, reserved 1062912K
  class space    used 1719K, capacity 1779K, committed 1792K, reserved 1048576K
Event: 43.986 GC heap after
Heap after GC invocations=465 (full 0):
 PSYoungGen      total 206336K, used 64K [0x00000000edf80000, 0x00000000ff180000, 0x0000000100000000)
  eden space 205824K, 0% used [0x00000000edf80000,0x00000000edf80000,0x00000000fa880000)
  from space 512K, 12% used [0x00000000ff080000,0x00000000ff090000,0x00000000ff100000)
  to   space 512K, 0% used [0x00000000ff100000,0x00000000ff100000,0x00000000ff180000)
 ParOldGen       total 38400K, used 12177K [0x00000000c9e00000, 0x00000000cc380000, 0x00000000edf80000)
  object space 38400K, 31% used [0x00000000c9e00000,0x00000000ca9e47e0,0x00000000cc380000)
 Metaspace       used 14923K, capacity 15150K, committed 15360K, reserved 1062912K
  class space    used 1719K, capacity 1779K, committed 1792K, reserved 1048576K
}
Event: 44.073 GC heap before
{Heap before GC invocations=466 (full 0):
 PSYoungGen      total 206336K, used 205888K [0x00000000edf80000, 0x00000000ff180000, 0x0000000100000000)
  eden space 205824K, 100% used [0x00000000edf80000,0x00000000fa880000,0x00000000fa880000)
  from space 512K, 12% used [0x00000000ff080000,0x00000000ff090000,0x00000000ff100000)
  to   space 512K, 0% used [0x00000000ff100000,0x00000000ff100000,0x00000000ff180000)
 ParOldGen       total 38400K, used 12177K [0x00000000c9e00000, 0x00000000cc380000, 0x00000000edf80000)
  object space 38400K, 31% used [0x00000000c9e00000,0x00000000ca9e47e0,0x00000000cc380000)
 Metaspace       used 14923K, capacity 15150K, committed 15360K, reserved 1062912K
  class space    used 1719K, capacity 1779K, committed 1792K, reserved 1048576K
Event: 44.073 GC heap after
Heap after GC invocations=466 (full 0):
 PSYoungGen      total 197120K, used 64K [0x00000000edf80000, 0x00000000ff180000, 0x0000000100000000)
  eden space 196608K, 0% used [0x00000000edf80000,0x00000000edf80000,0x00000000f9f80000)
  from space 512K, 12% used [0x00000000ff100000,0x00000000ff110000,0x00000000ff180000)
  to   space 512K, 0% used [0x00000000ff080000,0x00000000ff080000,0x00000000ff100000)
 ParOldGen       total 38400K, used 12177K [0x00000000c9e00000, 0x00000000cc380000, 0x00000000edf80000)
  object space 38400K, 31% used [0x00000000c9e00000,0x00000000ca9e47e0,0x00000000cc380000)
 Metaspace       used 14923K, capacity 15150K, committed 15360K, reserved 1062912K
  class space    used 1719K, capacity 1779K, committed 1792K, reserved 1048576K
}
Event: 44.153 GC heap before
{Heap before GC invocations=467 (full 0):
 PSYoungGen      total 197120K, used 196672K [0x00000000edf80000, 0x00000000ff180000, 0x0000000100000000)
  eden space 196608K, 100% used [0x00000000edf80000,0x00000000f9f80000,0x00000000f9f80000)
  from space 512K, 12% used [0x00000000ff100000,0x00000000ff110000,0x00000000ff180000)
  to   space 512K, 0% used [0x00000000ff080000,0x00000000ff080000,0x00000000ff100000)
 ParOldGen       total 38400K, used 12177K [0x00000000c9e00000, 0x00000000cc380000, 0x00000000edf80000)
  object space 38400K, 31% used [0x00000000c9e00000,0x00000000ca9e47e0,0x00000000cc380000)
 Metaspace       used 14923K, capacity 15150K, committed 15360K, reserved 1062912K
  class space    used 1719K, capacity 1779K, committed 1792K, reserved 1048576K
Event: 44.154 GC heap after
Heap after GC invocations=467 (full 0):
 PSYoungGen      total 188416K, used 64K [0x00000000edf80000, 0x00000000ff180000, 0x0000000100000000)
  eden space 187904K, 0% used [0x00000000edf80000,0x00000000edf80000,0x00000000f9700000)
  from space 512K, 12% used [0x00000000ff080000,0x00000000ff090000,0x00000000ff100000)
  to   space 512K, 0% used [0x00000000ff100000,0x00000000ff100000,0x00000000ff180000)
 ParOldGen       total 38400K, used 12193K [0x00000000c9e00000, 0x00000000cc380000, 0x00000000edf80000)
  object space 38400K, 31% used [0x00000000c9e00000,0x00000000ca9e87e0,0x00000000cc380000)
 Metaspace       used 14923K, capacity 15150K, committed 15360K, reserved 1062912K
  class space    used 1719K, capacity 1779K, committed 1792K, reserved 1048576K
}
Event: 44.224 GC heap before
{Heap before GC invocations=468 (full 0):
 PSYoungGen      total 188416K, used 187968K [0x00000000edf80000, 0x00000000ff180000, 0x0000000100000000)
  eden space 187904K, 100% used [0x00000000edf80000,0x00000000f9700000,0x00000000f9700000)
  from space 512K, 12% used [0x00000000ff080000,0x00000000ff090000,0x00000000ff100000)
  to   space 512K, 0% used [0x00000000ff100000,0x00000000ff100000,0x00000000ff180000)
 ParOldGen       total 38400K, used 12193K [0x00000000c9e00000, 0x00000000cc380000, 0x00000000edf80000)
  object space 38400K, 31% used [0x00000000c9e00000,0x00000000ca9e87e0,0x00000000cc380000)
 Metaspace       used 14923K, capacity 15150K, committed 15360K, reserved 1062912K
  class space    used 1719K, capacity 1779K, committed 1792K, reserved 1048576K
Event: 44.224 GC heap after
Heap after GC invocations=468 (full 0):
 PSYoungGen      total 179712K, used 32K [0x00000000edf80000, 0x00000000ff180000, 0x0000000100000000)
  eden space 179200K, 0% used [0x00000000edf80000,0x00000000edf80000,0x00000000f8e80000)
  from space 512K, 6% used [0x00000000ff100000,0x00000000ff108000,0x00000000ff180000)
  to   space 512K, 0% used [0x00000000ff080000,0x00000000ff080000,0x00000000ff100000)
 ParOldGen       total 38400K, used 12201K [0x00000000c9e00000, 0x00000000cc380000, 0x00000000edf80000)
  object space 38400K, 31% used [0x00000000c9e00000,0x00000000ca9ea7e0,0x00000000cc380000)
 Metaspace       used 14923K, capacity 15150K, committed 15360K, reserved 1062912K
  class space    used 1719K, capacity 1779K, committed 1792K, reserved 1048576K
}

