# JRE version: Java(TM) SE Runtime Environment (8.0_261-b12) (build 1.8.0_261-b12)
# Java VM: Java HotSpot(TM) 64-Bit Server VM (25.261-b12 mixed mode windows-amd64 compressed oops)
Heap:
 PSYoungGen      total 214528K, used 103472K [0x00000000edf80000, 0x0000000100000000, 0x0000000100000000)
  eden space 214016K, 48% used [0x00000000edf80000,0x00000000f44842c8,0x00000000fb080000)
  from space 512K, 6% used [0x00000000fff80000,0x00000000fff88000,0x0000000100000000)
  to   space 512K, 0% used [0x00000000fff00000,0x00000000fff00000,0x00000000fff80000)
 ParOldGen       total 38400K, used 10039K [0x00000000c9e00000, 0x00000000cc380000, 0x00000000edf80000)
  object space 38400K, 26% used [0x00000000c9e00000,0x00000000ca7cdc48,0x00000000cc380000)
 Metaspace       used 15032K, capacity 15310K, committed 15488K, reserved 1062912K
  class space    used 1726K, capacity 1811K, committed 1920K, reserved 1048576K
GC Heap History (10 events):
Event: 98.154 GC heap before
{Heap before GC invocations=664 (full 0):
 PSYoungGen      total 215552K, used 215072K [0x00000000edf80000, 0x0000000100000000, 0x0000000100000000)
  eden space 215040K, 100% used [0x00000000edf80000,0x00000000fb180000,0x00000000fb180000)
  from space 512K, 6% used [0x00000000fff00000,0x00000000fff08000,0x00000000fff80000)
  to   space 512K, 0% used [0x00000000fff80000,0x00000000fff80000,0x0000000100000000)
 ParOldGen       total 38400K, used 10031K [0x00000000c9e00000, 0x00000000cc380000, 0x00000000edf80000)
  object space 38400K, 26% used [0x00000000c9e00000,0x00000000ca7cbc48,0x00000000cc380000)
 Metaspace       used 15029K, capacity 15310K, committed 15488K, reserved 1062912K
  class space    used 1726K, capacity 1811K, committed 1920K, reserved 1048576K
Event: 98.155 GC heap after
Heap after GC invocations=664 (full 0):
 PSYoungGen      total 258560K, used 32K [0x00000000edf80000, 0x0000000100000000, 0x0000000100000000)
  eden space 258048K, 0% used [0x00000000edf80000,0x00000000edf80000,0x00000000fdb80000)
  from space 512K, 6% used [0x00000000fff80000,0x00000000fff88000,0x0000000100000000)
  to   space 512K, 0% used [0x00000000fff00000,0x00000000fff00000,0x00000000fff80000)
 ParOldGen       total 38400K, used 10039K [0x00000000c9e00000, 0x00000000cc380000, 0x00000000edf80000)
  object space 38400K, 26% used [0x00000000c9e00000,0x00000000ca7cdc48,0x00000000cc380000)
 Metaspace       used 15029K, capacity 15310K, committed 15488K, reserved 1062912K
  class space    used 1726K, capacity 1811K, committed 1920K, reserved 1048576K
}
Event: 98.289 GC heap before
{Heap before GC invocations=665 (full 0):
 PSYoungGen      total 258560K, used 258080K [0x00000000edf80000, 0x0000000100000000, 0x0000000100000000)
  eden space 258048K, 100% used [0x00000000edf80000,0x00000000fdb80000,0x00000000fdb80000)
  from space 512K, 6% used [0x00000000fff80000,0x00000000fff88000,0x0000000100000000)
  to   space 512K, 0% used [0x00000000fff00000,0x00000000fff00000,0x00000000fff80000)
 ParOldGen       total 38400K, used 10039K [0x00000000c9e00000, 0x00000000cc380000, 0x00000000edf80000)
  object space 38400K, 26% used [0x00000000c9e00000,0x00000000ca7cdc48,0x00000000cc380000)
 Metaspace       used 15029K, capacity 15310K, committed 15488K, reserved 1062912K
  class space    used 1726K, capacity 1811K, committed 1920K, reserved 1048576K
Event: 98.291 GC heap after
Heap after GC invocations=665 (full 0):
 PSYoungGen      total 246784K, used 64K [0x00000000edf80000, 0x0000000100000000, 0x0000000100000000)
  eden space 246272K, 0% used [0x00000000edf80000,0x00000000edf80000,0x00000000fd000000)
  from space 512K, 12% used [0x00000000fff00000,0x00000000fff10000,0x00000000fff80000)
  to   space 512K, 0% used [0x00000000fff80000,0x00000000fff80000,0x0000000100000000)
 ParOldGen       total 38400K, used 10039K [0x00000000c9e00000, 0x00000000cc380000, 0x00000000edf80000)
  object space 38400K, 26% used [0x00000000c9e00000,0x00000000ca7cdc48,0x00000000cc380000)
 Metaspace       used 15029K, capacity 15310K, committed 15488K, reserved 1062912K
  class space    used 1726K, capacity 1811K, committed 1920K, reserved 1048576K
}
Event: 98.416 GC heap before
{Heap before GC invocations=666 (full 0):
 PSYoungGen      total 246784K, used 246336K [0x00000000edf80000, 0x0000000100000000, 0x0000000100000000)
  eden space 246272K, 100% used [0x00000000edf80000,0x00000000fd000000,0x00000000fd000000)
  from space 512K, 12% used [0x00000000fff00000,0x00000000fff10000,0x00000000fff80000)
  to   space 512K, 0% used [0x00000000fff80000,0x00000000fff80000,0x0000000100000000)
 ParOldGen       total 38400K, used 10039K [0x00000000c9e00000, 0x00000000cc380000, 0x00000000edf80000)
  object space 38400K, 26% used [0x00000000c9e00000,0x00000000ca7cdc48,0x00000000cc380000)
 Metaspace       used 15029K, capacity 15310K, committed 15488K, reserved 1062912K
  class space    used 1726K, capacity 1811K, committed 1920K, reserved 1048576K
Event: 98.417 GC heap after
Heap after GC invocations=666 (full 0):
 PSYoungGen      total 235520K, used 32K [0x00000000edf80000, 0x0000000100000000, 0x0000000100000000)
  eden space 235008K, 0% used [0x00000000edf80000,0x00000000edf80000,0x00000000fc500000)
  from space 512K, 6% used [0x00000000fff80000,0x00000000fff88000,0x0000000100000000)
  to   space 512K, 0% used [0x00000000fff00000,0x00000000fff00000,0x00000000fff80000)
 ParOldGen       total 38400K, used 10039K [0x00000000c9e00000, 0x00000000cc380000, 0x00000000edf80000)
  object space 38400K, 26% used [0x00000000c9e00000,0x00000000ca7cdc48,0x00000000cc380000)
 Metaspace       used 15029K, capacity 15310K, committed 15488K, reserved 1062912K
  class space    used 1726K, capacity 1811K, committed 1920K, reserved 1048576K
}
Event: 98.538 GC heap before
{Heap before GC invocations=667 (full 0):
 PSYoungGen      total 235520K, used 235040K [0x00000000edf80000, 0x0000000100000000, 0x0000000100000000)
  eden space 235008K, 100% used [0x00000000edf80000,0x00000000fc500000,0x00000000fc500000)
  from space 512K, 6% used [0x00000000fff80000,0x00000000fff88000,0x0000000100000000)
  to   space 512K, 0% used [0x00000000fff00000,0x00000000fff00000,0x00000000fff80000)
 ParOldGen       total 38400K, used 10039K [0x00000000c9e00000, 0x00000000cc380000, 0x00000000edf80000)
  object space 38400K, 26% used [0x00000000c9e00000,0x00000000ca7cdc48,0x00000000cc380000)
 Metaspace       used 15029K, capacity 15310K, committed 15488K, reserved 1062912K
  class space    used 1726K, capacity 1811K, committed 1920K, reserved 1048576K
Event: 98.539 GC heap after
Heap after GC invocations=667 (full 0):
 PSYoungGen      total 224768K, used 64K [0x00000000edf80000, 0x0000000100000000, 0x0000000100000000)
  eden space 224256K, 0% used [0x00000000edf80000,0x00000000edf80000,0x00000000fba80000)
  from space 512K, 12% used [0x00000000fff00000,0x00000000fff10000,0x00000000fff80000)
  to   space 512K, 0% used [0x00000000fff80000,0x00000000fff80000,0x0000000100000000)
 ParOldGen       total 38400K, used 10039K [0x00000000c9e00000, 0x00000000cc380000, 0x00000000edf80000)
  object space 38400K, 26% used [0x00000000c9e00000,0x00000000ca7cdc48,0x00000000cc380000)
 Metaspace       used 15029K, capacity 15310K, committed 15488K, reserved 1062912K
  class space    used 1726K, capacity 1811K, committed 1920K, reserved 1048576K
}
Event: 98.652 GC heap before
{Heap before GC invocations=668 (full 0):
 PSYoungGen      total 224768K, used 224320K [0x00000000edf80000, 0x0000000100000000, 0x0000000100000000)
  eden space 224256K, 100% used [0x00000000edf80000,0x00000000fba80000,0x00000000fba80000)
  from space 512K, 12% used [0x00000000fff00000,0x00000000fff10000,0x00000000fff80000)
  to   space 512K, 0% used [0x00000000fff80000,0x00000000fff80000,0x0000000100000000)
 ParOldGen       total 38400K, used 10039K [0x00000000c9e00000, 0x00000000cc380000, 0x00000000edf80000)
  object space 38400K, 26% used [0x00000000c9e00000,0x00000000ca7cdc48,0x00000000cc380000)
 Metaspace       used 15029K, capacity 15310K, committed 15488K, reserved 1062912K
  class space    used 1726K, capacity 1811K, committed 1920K, reserved 1048576K
Event: 98.654 GC heap after
Heap after GC invocations=668 (full 0):
 PSYoungGen      total 214528K, used 32K [0x00000000edf80000, 0x0000000100000000, 0x0000000100000000)
  eden space 214016K, 0% used [0x00000000edf80000,0x00000000edf80000,0x00000000fb080000)
  from space 512K, 6% used [0x00000000fff80000,0x00000000fff88000,0x0000000100000000)
  to   space 512K, 0% used [0x00000000fff00000,0x00000000fff00000,0x00000000fff80000)
 ParOldGen       total 38400K, used 10039K [0x00000000c9e00000, 0x00000000cc380000, 0x00000000edf80000)
  object space 38400K, 26% used [0x00000000c9e00000,0x00000000ca7cdc48,0x00000000cc380000)
 Metaspace       used 15029K, capacity 15310K, committed 15488K, reserved 1062912K
  class space    used 1726K, capacity 1811K, committed 1920K, reserved 1048576K
}

