# JRE version: Java(TM) SE Runtime Environment (8.0_261-b12) (build 1.8.0_261-b12)
# Java VM: Java HotSpot(TM) 64-Bit Server VM (25.261-b12 mixed mode windows-amd64 compressed oops)
Heap:
 PSYoungGen      total 189440K, used 188992K [0x00000000edf80000, 0x0000000100000000, 0x0000000100000000)
  eden space 188928K, 100% used [0x00000000edf80000,0x00000000f9800000,0x00000000f9800000)
  from space 512K, 12% used [0x00000000fff00000,0x00000000fff10000,0x00000000fff80000)
  to   space 512K, 0% used [0x00000000fff80000,0x00000000fff80000,0x0000000100000000)
 ParOldGen       total 38400K, used 9450K [0x00000000c9e00000, 0x00000000cc380000, 0x00000000edf80000)
  object space 38400K, 24% used [0x00000000c9e00000,0x00000000ca73a970,0x00000000cc380000)
 Metaspace       used 14946K, capacity 15210K, committed 15360K, reserved 1062912K
  class space    used 1717K, capacity 1779K, committed 1792K, reserved 1048576K
GC Heap History (10 events):
Event: 106.108 GC heap before
{Heap before GC invocations=1007 (full 0):
 PSYoungGen      total 189440K, used 188992K [0x00000000edf80000, 0x0000000100000000, 0x0000000100000000)
  eden space 188928K, 100% used [0x00000000edf80000,0x00000000f9800000,0x00000000f9800000)
  from space 512K, 12% used [0x00000000fff80000,0x00000000fff90000,0x0000000100000000)
  to   space 512K, 0% used [0x00000000fff00000,0x00000000fff00000,0x00000000fff80000)
 ParOldGen       total 38400K, used 9442K [0x00000000c9e00000, 0x00000000cc380000, 0x00000000edf80000)
  object space 38400K, 24% used [0x00000000c9e00000,0x00000000ca738970,0x00000000cc380000)
 Metaspace       used 14943K, capacity 15210K, committed 15360K, reserved 1062912K
  class space    used 1717K, capacity 1779K, committed 1792K, reserved 1048576K
Event: 106.109 GC heap after
Heap after GC invocations=1007 (full 0):
 PSYoungGen      total 180736K, used 32K [0x00000000edf80000, 0x0000000100000000, 0x0000000100000000)
  eden space 180224K, 0% used [0x00000000edf80000,0x00000000edf80000,0x00000000f8f80000)
  from space 512K, 6% used [0x00000000fff00000,0x00000000fff08000,0x00000000fff80000)
  to   space 512K, 0% used [0x00000000fff80000,0x00000000fff80000,0x0000000100000000)
 ParOldGen       total 38400K, used 9442K [0x00000000c9e00000, 0x00000000cc380000, 0x00000000edf80000)
  object space 38400K, 24% used [0x00000000c9e00000,0x00000000ca738970,0x00000000cc380000)
 Metaspace       used 14943K, capacity 15210K, committed 15360K, reserved 1062912K
  class space    used 1717K, capacity 1779K, committed 1792K, reserved 1048576K
}
Event: 106.182 GC heap before
{Heap before GC invocations=1008 (full 0):
 PSYoungGen      total 180736K, used 180256K [0x00000000edf80000, 0x0000000100000000, 0x0000000100000000)
  eden space 180224K, 100% used [0x00000000edf80000,0x00000000f8f80000,0x00000000f8f80000)
  from space 512K, 6% used [0x00000000fff00000,0x00000000fff08000,0x00000000fff80000)
  to   space 512K, 0% used [0x00000000fff80000,0x00000000fff80000,0x0000000100000000)
 ParOldGen       total 38400K, used 9442K [0x00000000c9e00000, 0x00000000cc380000, 0x00000000edf80000)
  object space 38400K, 24% used [0x00000000c9e00000,0x00000000ca738970,0x00000000cc380000)
 Metaspace       used 14943K, capacity 15210K, committed 15360K, reserved 1062912K
  class space    used 1717K, capacity 1779K, committed 1792K, reserved 1048576K
Event: 106.183 GC heap after
Heap after GC invocations=1008 (full 0):
 PSYoungGen      total 172544K, used 64K [0x00000000edf80000, 0x0000000100000000, 0x0000000100000000)
  eden space 172032K, 0% used [0x00000000edf80000,0x00000000edf80000,0x00000000f8780000)
  from space 512K, 12% used [0x00000000fff80000,0x00000000fff90000,0x0000000100000000)
  to   space 512K, 0% used [0x00000000fff00000,0x00000000fff00000,0x00000000fff80000)
 ParOldGen       total 38400K, used 9450K [0x00000000c9e00000, 0x00000000cc380000, 0x00000000edf80000)
  object space 38400K, 24% used [0x00000000c9e00000,0x00000000ca73a970,0x00000000cc380000)
 Metaspace       used 14943K, capacity 15210K, committed 15360K, reserved 1062912K
  class space    used 1717K, capacity 1779K, committed 1792K, reserved 1048576K
}
Event: 106.256 GC heap before
{Heap before GC invocations=1009 (full 0):
 PSYoungGen      total 172544K, used 172096K [0x00000000edf80000, 0x0000000100000000, 0x0000000100000000)
  eden space 172032K, 100% used [0x00000000edf80000,0x00000000f8780000,0x00000000f8780000)
  from space 512K, 12% used [0x00000000fff80000,0x00000000fff90000,0x0000000100000000)
  to   space 512K, 0% used [0x00000000fff00000,0x00000000fff00000,0x00000000fff80000)
 ParOldGen       total 38400K, used 9450K [0x00000000c9e00000, 0x00000000cc380000, 0x00000000edf80000)
  object space 38400K, 24% used [0x00000000c9e00000,0x00000000ca73a970,0x00000000cc380000)
 Metaspace       used 14943K, capacity 15210K, committed 15360K, reserved 1062912K
  class space    used 1717K, capacity 1779K, committed 1792K, reserved 1048576K
Event: 106.256 GC heap after
Heap after GC invocations=1009 (full 0):
 PSYoungGen      total 164864K, used 32K [0x00000000edf80000, 0x0000000100000000, 0x0000000100000000)
  eden space 164352K, 0% used [0x00000000edf80000,0x00000000edf80000,0x00000000f8000000)
  from space 512K, 6% used [0x00000000fff00000,0x00000000fff08000,0x00000000fff80000)
  to   space 512K, 0% used [0x00000000fff80000,0x00000000fff80000,0x0000000100000000)
 ParOldGen       total 38400K, used 9450K [0x00000000c9e00000, 0x00000000cc380000, 0x00000000edf80000)
  object space 38400K, 24% used [0x00000000c9e00000,0x00000000ca73a970,0x00000000cc380000)
 Metaspace       used 14943K, capacity 15210K, committed 15360K, reserved 1062912K
  class space    used 1717K, capacity 1779K, committed 1792K, reserved 1048576K
}
Event: 106.323 GC heap before
{Heap before GC invocations=1010 (full 0):
 PSYoungGen      total 164864K, used 164384K [0x00000000edf80000, 0x0000000100000000, 0x0000000100000000)
  eden space 164352K, 100% used [0x00000000edf80000,0x00000000f8000000,0x00000000f8000000)
  from space 512K, 6% used [0x00000000fff00000,0x00000000fff08000,0x00000000fff80000)
  to   space 512K, 0% used [0x00000000fff80000,0x00000000fff80000,0x0000000100000000)
 ParOldGen       total 38400K, used 9450K [0x00000000c9e00000, 0x00000000cc380000, 0x00000000edf80000)
  object space 38400K, 24% used [0x00000000c9e00000,0x00000000ca73a970,0x00000000cc380000)
 Metaspace       used 14943K, capacity 15210K, committed 15360K, reserved 1062912K
  class space    used 1717K, capacity 1779K, committed 1792K, reserved 1048576K
Event: 106.324 GC heap after
Heap after GC invocations=1010 (full 0):
 PSYoungGen      total 157696K, used 32K [0x00000000edf80000, 0x0000000100000000, 0x0000000100000000)
  eden space 157184K, 0% used [0x00000000edf80000,0x00000000edf80000,0x00000000f7900000)
  from space 512K, 6% used [0x00000000fff80000,0x00000000fff88000,0x0000000100000000)
  to   space 512K, 0% used [0x00000000fff00000,0x00000000fff00000,0x00000000fff80000)
 ParOldGen       total 38400K, used 9450K [0x00000000c9e00000, 0x00000000cc380000, 0x00000000edf80000)
  object space 38400K, 24% used [0x00000000c9e00000,0x00000000ca73a970,0x00000000cc380000)
 Metaspace       used 14943K, capacity 15210K, committed 15360K, reserved 1062912K
  class space    used 1717K, capacity 1779K, committed 1792K, reserved 1048576K
}
Event: 106.391 GC heap before
{Heap before GC invocations=1011 (full 0):
 PSYoungGen      total 157696K, used 157216K [0x00000000edf80000, 0x0000000100000000, 0x0000000100000000)
  eden space 157184K, 100% used [0x00000000edf80000,0x00000000f7900000,0x00000000f7900000)
  from space 512K, 6% used [0x00000000fff80000,0x00000000fff88000,0x0000000100000000)
  to   space 512K, 0% used [0x00000000fff00000,0x00000000fff00000,0x00000000fff80000)
 ParOldGen       total 38400K, used 9450K [0x00000000c9e00000, 0x00000000cc380000, 0x00000000edf80000)
  object space 38400K, 24% used [0x00000000c9e00000,0x00000000ca73a970,0x00000000cc380000)
 Metaspace       used 14943K, capacity 15210K, committed 15360K, reserved 1062912K
  class space    used 1717K, capacity 1779K, committed 1792K, reserved 1048576K
Event: 106.392 GC heap after
Heap after GC invocations=1011 (full 0):
 PSYoungGen      total 189440K, used 64K [0x00000000edf80000, 0x0000000100000000, 0x0000000100000000)
  eden space 188928K, 0% used [0x00000000edf80000,0x00000000edf80000,0x00000000f9800000)
  from space 512K, 12% used [0x00000000fff00000,0x00000000fff10000,0x00000000fff80000)
  to   space 512K, 0% used [0x00000000fff80000,0x00000000fff80000,0x0000000100000000)
 ParOldGen       total 38400K, used 9450K [0x00000000c9e00000, 0x00000000cc380000, 0x00000000edf80000)
  object space 38400K, 24% used [0x00000000c9e00000,0x00000000ca73a970,0x00000000cc380000)
 Metaspace       used 14943K, capacity 15210K, committed 15360K, reserved 1062912K
  class space    used 1717K, capacity 1779K, committed 1792K, reserved 1048576K
}

