# JRE version: Java(TM) SE Runtime Environment (8.0_261-b12) (build 1.8.0_261-b12)
# Java VM: Java HotSpot(TM) 64-Bit Server VM (25.261-b12 mixed mode windows-amd64 compressed oops)
Heap:
 PSYoungGen      total 206336K, used 78208K [0x00000000edf80000, 0x0000000100000000, 0x0000000100000000)
  eden space 205824K, 37% used [0x00000000edf80000,0x00000000f2bc8088,0x00000000fa880000)
  from space 512K, 18% used [0x00000000fff00000,0x00000000fff18000,0x00000000fff80000)
  to   space 512K, 0% used [0x00000000fff80000,0x00000000fff80000,0x0000000100000000)
 ParOldGen       total 38400K, used 10565K [0x00000000c9e00000, 0x00000000cc380000, 0x00000000edf80000)
  object space 38400K, 27% used [0x00000000c9e00000,0x00000000ca8515d0,0x00000000cc380000)
 Metaspace       used 14807K, capacity 15018K, committed 15360K, reserved 1062912K
  class space    used 1720K, capacity 1779K, committed 1792K, reserved 1048576K
GC Heap History (10 events):
Event: 40.180 GC heap before
{Heap before GC invocations=407 (full 0):
 PSYoungGen      total 260096K, used 259616K [0x00000000edf80000, 0x0000000100000000, 0x0000000100000000)
  eden space 259584K, 100% used [0x00000000edf80000,0x00000000fdd00000,0x00000000fdd00000)
  from space 512K, 6% used [0x00000000fff80000,0x00000000fff88000,0x0000000100000000)
  to   space 512K, 0% used [0x00000000fff00000,0x00000000fff00000,0x00000000fff80000)
 ParOldGen       total 38400K, used 10549K [0x00000000c9e00000, 0x00000000cc380000, 0x00000000edf80000)
  object space 38400K, 27% used [0x00000000c9e00000,0x00000000ca84d5d0,0x00000000cc380000)
 Metaspace       used 14801K, capacity 15018K, committed 15360K, reserved 1062912K
  class space    used 1720K, capacity 1779K, committed 1792K, reserved 1048576K
Event: 40.181 GC heap after
Heap after GC invocations=407 (full 0):
 PSYoungGen      total 248320K, used 32K [0x00000000edf80000, 0x0000000100000000, 0x0000000100000000)
  eden space 247808K, 0% used [0x00000000edf80000,0x00000000edf80000,0x00000000fd180000)
  from space 512K, 6% used [0x00000000fff00000,0x00000000fff08000,0x00000000fff80000)
  to   space 512K, 0% used [0x00000000fff80000,0x00000000fff80000,0x0000000100000000)
 ParOldGen       total 38400K, used 10549K [0x00000000c9e00000, 0x00000000cc380000, 0x00000000edf80000)
  object space 38400K, 27% used [0x00000000c9e00000,0x00000000ca84d5d0,0x00000000cc380000)
 Metaspace       used 14801K, capacity 15018K, committed 15360K, reserved 1062912K
  class space    used 1720K, capacity 1779K, committed 1792K, reserved 1048576K
}
Event: 40.278 GC heap before
{Heap before GC invocations=408 (full 0):
 PSYoungGen      total 248320K, used 247840K [0x00000000edf80000, 0x0000000100000000, 0x0000000100000000)
  eden space 247808K, 100% used [0x00000000edf80000,0x00000000fd180000,0x00000000fd180000)
  from space 512K, 6% used [0x00000000fff00000,0x00000000fff08000,0x00000000fff80000)
  to   space 512K, 0% used [0x00000000fff80000,0x00000000fff80000,0x0000000100000000)
 ParOldGen       total 38400K, used 10549K [0x00000000c9e00000, 0x00000000cc380000, 0x00000000edf80000)
  object space 38400K, 27% used [0x00000000c9e00000,0x00000000ca84d5d0,0x00000000cc380000)
 Metaspace       used 14801K, capacity 15018K, committed 15360K, reserved 1062912K
  class space    used 1720K, capacity 1779K, committed 1792K, reserved 1048576K
Event: 40.279 GC heap after
Heap after GC invocations=408 (full 0):
 PSYoungGen      total 237056K, used 32K [0x00000000edf80000, 0x0000000100000000, 0x0000000100000000)
  eden space 236544K, 0% used [0x00000000edf80000,0x00000000edf80000,0x00000000fc680000)
  from space 512K, 6% used [0x00000000fff80000,0x00000000fff88000,0x0000000100000000)
  to   space 512K, 0% used [0x00000000fff00000,0x00000000fff00000,0x00000000fff80000)
 ParOldGen       total 38400K, used 10549K [0x00000000c9e00000, 0x00000000cc380000, 0x00000000edf80000)
  object space 38400K, 27% used [0x00000000c9e00000,0x00000000ca84d5d0,0x00000000cc380000)
 Metaspace       used 14801K, capacity 15018K, committed 15360K, reserved 1062912K
  class space    used 1720K, capacity 1779K, committed 1792K, reserved 1048576K
}
Event: 40.375 GC heap before
{Heap before GC invocations=409 (full 0):
 PSYoungGen      total 237056K, used 236576K [0x00000000edf80000, 0x0000000100000000, 0x0000000100000000)
  eden space 236544K, 100% used [0x00000000edf80000,0x00000000fc680000,0x00000000fc680000)
  from space 512K, 6% used [0x00000000fff80000,0x00000000fff88000,0x0000000100000000)
  to   space 512K, 0% used [0x00000000fff00000,0x00000000fff00000,0x00000000fff80000)
 ParOldGen       total 38400K, used 10549K [0x00000000c9e00000, 0x00000000cc380000, 0x00000000edf80000)
  object space 38400K, 27% used [0x00000000c9e00000,0x00000000ca84d5d0,0x00000000cc380000)
 Metaspace       used 14801K, capacity 15018K, committed 15360K, reserved 1062912K
  class space    used 1720K, capacity 1779K, committed 1792K, reserved 1048576K
Event: 40.375 GC heap after
Heap after GC invocations=409 (full 0):
 PSYoungGen      total 226304K, used 64K [0x00000000edf80000, 0x0000000100000000, 0x0000000100000000)
  eden space 225792K, 0% used [0x00000000edf80000,0x00000000edf80000,0x00000000fbc00000)
  from space 512K, 12% used [0x00000000fff00000,0x00000000fff10000,0x00000000fff80000)
  to   space 512K, 0% used [0x00000000fff80000,0x00000000fff80000,0x0000000100000000)
 ParOldGen       total 38400K, used 10549K [0x00000000c9e00000, 0x00000000cc380000, 0x00000000edf80000)
  object space 38400K, 27% used [0x00000000c9e00000,0x00000000ca84d5d0,0x00000000cc380000)
 Metaspace       used 14801K, capacity 15018K, committed 15360K, reserved 1062912K
  class space    used 1720K, capacity 1779K, committed 1792K, reserved 1048576K
}
Event: 40.474 GC heap before
{Heap before GC invocations=410 (full 0):
 PSYoungGen      total 226304K, used 225856K [0x00000000edf80000, 0x0000000100000000, 0x0000000100000000)
  eden space 225792K, 100% used [0x00000000edf80000,0x00000000fbc00000,0x00000000fbc00000)
  from space 512K, 12% used [0x00000000fff00000,0x00000000fff10000,0x00000000fff80000)
  to   space 512K, 0% used [0x00000000fff80000,0x00000000fff80000,0x0000000100000000)
 ParOldGen       total 38400K, used 10549K [0x00000000c9e00000, 0x00000000cc380000, 0x00000000edf80000)
  object space 38400K, 27% used [0x00000000c9e00000,0x00000000ca84d5d0,0x00000000cc380000)
 Metaspace       used 14804K, capacity 15018K, committed 15360K, reserved 1062912K
  class space    used 1720K, capacity 1779K, committed 1792K, reserved 1048576K
Event: 40.475 GC heap after
Heap after GC invocations=410 (full 0):
 PSYoungGen      total 216064K, used 64K [0x00000000edf80000, 0x0000000100000000, 0x0000000100000000)
  eden space 215552K, 0% used [0x00000000edf80000,0x00000000edf80000,0x00000000fb200000)
  from space 512K, 12% used [0x00000000fff80000,0x00000000fff90000,0x0000000100000000)
  to   space 512K, 0% used [0x00000000fff00000,0x00000000fff00000,0x00000000fff80000)
 ParOldGen       total 38400K, used 10549K [0x00000000c9e00000, 0x00000000cc380000, 0x00000000edf80000)
  object space 38400K, 27% used [0x00000000c9e00000,0x00000000ca84d5d0,0x00000000cc380000)
 Metaspace       used 14804K, capacity 15018K, committed 15360K, reserved 1062912K
  class space    used 1720K, capacity 1779K, committed 1792K, reserved 1048576K
}
Event: 40.566 GC heap before
{Heap before GC invocations=411 (full 0):
 PSYoungGen      total 216064K, used 215616K [0x00000000edf80000, 0x0000000100000000, 0x0000000100000000)
  eden space 215552K, 100% used [0x00000000edf80000,0x00000000fb200000,0x00000000fb200000)
  from space 512K, 12% used [0x00000000fff80000,0x00000000fff90000,0x0000000100000000)
  to   space 512K, 0% used [0x00000000fff00000,0x00000000fff00000,0x00000000fff80000)
 ParOldGen       total 38400K, used 10549K [0x00000000c9e00000, 0x00000000cc380000, 0x00000000edf80000)
  object space 38400K, 27% used [0x00000000c9e00000,0x00000000ca84d5d0,0x00000000cc380000)
 Metaspace       used 14807K, capacity 15018K, committed 15360K, reserved 1062912K
  class space    used 1720K, capacity 1779K, committed 1792K, reserved 1048576K
Event: 40.567 GC heap after
Heap after GC invocations=411 (full 0):
 PSYoungGen      total 206336K, used 96K [0x00000000edf80000, 0x0000000100000000, 0x0000000100000000)
  eden space 205824K, 0% used [0x00000000edf80000,0x00000000edf80000,0x00000000fa880000)
  from space 512K, 18% used [0x00000000fff00000,0x00000000fff18000,0x00000000fff80000)
  to   space 512K, 0% used [0x00000000fff80000,0x00000000fff80000,0x0000000100000000)
 ParOldGen       total 38400K, used 10565K [0x00000000c9e00000, 0x00000000cc380000, 0x00000000edf80000)
  object space 38400K, 27% used [0x00000000c9e00000,0x00000000ca8515d0,0x00000000cc380000)
 Metaspace       used 14807K, capacity 15018K, committed 15360K, reserved 1062912K
  class space    used 1720K, capacity 1779K, committed 1792K, reserved 1048576K
}

