# JRE version: Java(TM) SE Runtime Environment (8.0_261-b12) (build 1.8.0_261-b12)
# Java VM: Java HotSpot(TM) 64-Bit Server VM (25.261-b12 mixed mode windows-amd64 compressed oops)
Heap:
 PSYoungGen      total 281088K, used 101901K [0x00000000edf80000, 0x0000000100000000, 0x0000000100000000)
  eden space 280576K, 36% used [0x00000000edf80000,0x00000000f42eb670,0x00000000ff180000)
  from space 512K, 18% used [0x00000000fff00000,0x00000000fff18000,0x00000000fff80000)
  to   space 512K, 0% used [0x00000000fff80000,0x00000000fff80000,0x0000000100000000)
 ParOldGen       total 38400K, used 6402K [0x00000000c9e00000, 0x00000000cc380000, 0x00000000edf80000)
  object space 38400K, 16% used [0x00000000c9e00000,0x00000000ca440a18,0x00000000cc380000)
 Metaspace       used 14532K, capacity 14762K, committed 15104K, reserved 1062912K
  class space    used 1713K, capacity 1779K, committed 1792K, reserved 1048576K
GC Heap History (10 events):
Event: 26.545 GC heap before
{Heap before GC invocations=155 (full 0):
 PSYoungGen      total 267776K, used 267296K [0x00000000edf80000, 0x0000000100000000, 0x0000000100000000)
  eden space 267264K, 100% used [0x00000000edf80000,0x00000000fe480000,0x00000000fe480000)
  from space 512K, 6% used [0x00000000fff80000,0x00000000fff88000,0x0000000100000000)
  to   space 512K, 0% used [0x00000000fff00000,0x00000000fff00000,0x00000000fff80000)
 ParOldGen       total 38400K, used 6370K [0x00000000c9e00000, 0x00000000cc380000, 0x00000000edf80000)
  object space 38400K, 16% used [0x00000000c9e00000,0x00000000ca438a18,0x00000000cc380000)
 Metaspace       used 14441K, capacity 14758K, committed 15104K, reserved 1062912K
  class space    used 1701K, capacity 1779K, committed 1792K, reserved 1048576K
Event: 26.546 GC heap after
Heap after GC invocations=155 (full 0):
 PSYoungGen      total 255488K, used 32K [0x00000000edf80000, 0x0000000100000000, 0x0000000100000000)
  eden space 254976K, 0% used [0x00000000edf80000,0x00000000edf80000,0x00000000fd880000)
  from space 512K, 6% used [0x00000000fff00000,0x00000000fff08000,0x00000000fff80000)
  to   space 512K, 0% used [0x00000000fff80000,0x00000000fff80000,0x0000000100000000)
 ParOldGen       total 38400K, used 6370K [0x00000000c9e00000, 0x00000000cc380000, 0x00000000edf80000)
  object space 38400K, 16% used [0x00000000c9e00000,0x00000000ca438a18,0x00000000cc380000)
 Metaspace       used 14441K, capacity 14758K, committed 15104K, reserved 1062912K
  class space    used 1701K, capacity 1779K, committed 1792K, reserved 1048576K
}
Event: 26.677 GC heap before
{Heap before GC invocations=156 (full 0):
 PSYoungGen      total 255488K, used 255008K [0x00000000edf80000, 0x0000000100000000, 0x0000000100000000)
  eden space 254976K, 100% used [0x00000000edf80000,0x00000000fd880000,0x00000000fd880000)
  from space 512K, 6% used [0x00000000fff00000,0x00000000fff08000,0x00000000fff80000)
  to   space 512K, 0% used [0x00000000fff80000,0x00000000fff80000,0x0000000100000000)
 ParOldGen       total 38400K, used 6370K [0x00000000c9e00000, 0x00000000cc380000, 0x00000000edf80000)
  object space 38400K, 16% used [0x00000000c9e00000,0x00000000ca438a18,0x00000000cc380000)
 Metaspace       used 14441K, capacity 14758K, committed 15104K, reserved 1062912K
  class space    used 1701K, capacity 1779K, committed 1792K, reserved 1048576K
Event: 26.679 GC heap after
Heap after GC invocations=156 (full 0):
 PSYoungGen      total 294912K, used 32K [0x00000000edf80000, 0x0000000100000000, 0x0000000100000000)
  eden space 294400K, 0% used [0x00000000edf80000,0x00000000edf80000,0x00000000fff00000)
  from space 512K, 6% used [0x00000000fff80000,0x00000000fff88000,0x0000000100000000)
  to   space 512K, 0% used [0x00000000fff00000,0x00000000fff00000,0x00000000fff80000)
 ParOldGen       total 38400K, used 6370K [0x00000000c9e00000, 0x00000000cc380000, 0x00000000edf80000)
  object space 38400K, 16% used [0x00000000c9e00000,0x00000000ca438a18,0x00000000cc380000)
 Metaspace       used 14441K, capacity 14758K, committed 15104K, reserved 1062912K
  class space    used 1701K, capacity 1779K, committed 1792K, reserved 1048576K
}
Event: 26.856 GC heap before
{Heap before GC invocations=157 (full 0):
 PSYoungGen      total 294912K, used 294432K [0x00000000edf80000, 0x0000000100000000, 0x0000000100000000)
  eden space 294400K, 100% used [0x00000000edf80000,0x00000000fff00000,0x00000000fff00000)
  from space 512K, 6% used [0x00000000fff80000,0x00000000fff88000,0x0000000100000000)
  to   space 512K, 0% used [0x00000000fff00000,0x00000000fff00000,0x00000000fff80000)
 ParOldGen       total 38400K, used 6370K [0x00000000c9e00000, 0x00000000cc380000, 0x00000000edf80000)
  object space 38400K, 16% used [0x00000000c9e00000,0x00000000ca438a18,0x00000000cc380000)
 Metaspace       used 14473K, capacity 14758K, committed 15104K, reserved 1062912K
  class space    used 1705K, capacity 1779K, committed 1792K, reserved 1048576K
Event: 26.857 GC heap after
Heap after GC invocations=157 (full 0):
 PSYoungGen      total 294912K, used 96K [0x00000000edf80000, 0x0000000100000000, 0x0000000100000000)
  eden space 294400K, 0% used [0x00000000edf80000,0x00000000edf80000,0x00000000fff00000)
  from space 512K, 18% used [0x00000000fff00000,0x00000000fff18000,0x00000000fff80000)
  to   space 512K, 0% used [0x00000000fff80000,0x00000000fff80000,0x0000000100000000)
 ParOldGen       total 38400K, used 6370K [0x00000000c9e00000, 0x00000000cc380000, 0x00000000edf80000)
  object space 38400K, 16% used [0x00000000c9e00000,0x00000000ca438a18,0x00000000cc380000)
 Metaspace       used 14473K, capacity 14758K, committed 15104K, reserved 1062912K
  class space    used 1705K, capacity 1779K, committed 1792K, reserved 1048576K
}
Event: 27.034 GC heap before
{Heap before GC invocations=158 (full 0):
 PSYoungGen      total 294912K, used 294496K [0x00000000edf80000, 0x0000000100000000, 0x0000000100000000)
  eden space 294400K, 100% used [0x00000000edf80000,0x00000000fff00000,0x00000000fff00000)
  from space 512K, 18% used [0x00000000fff00000,0x00000000fff18000,0x00000000fff80000)
  to   space 512K, 0% used [0x00000000fff80000,0x00000000fff80000,0x0000000100000000)
 ParOldGen       total 38400K, used 6370K [0x00000000c9e00000, 0x00000000cc380000, 0x00000000edf80000)
  object space 38400K, 16% used [0x00000000c9e00000,0x00000000ca438a18,0x00000000cc380000)
 Metaspace       used 14488K, capacity 14758K, committed 15104K, reserved 1062912K
  class space    used 1706K, capacity 1779K, committed 1792K, reserved 1048576K
Event: 27.037 GC heap after
Heap after GC invocations=158 (full 0):
 PSYoungGen      total 294912K, used 64K [0x00000000edf80000, 0x0000000100000000, 0x0000000100000000)
  eden space 294400K, 0% used [0x00000000edf80000,0x00000000edf80000,0x00000000fff00000)
  from space 512K, 12% used [0x00000000fff80000,0x00000000fff90000,0x0000000100000000)
  to   space 512K, 0% used [0x00000000fff00000,0x00000000fff00000,0x00000000fff80000)
 ParOldGen       total 38400K, used 6386K [0x00000000c9e00000, 0x00000000cc380000, 0x00000000edf80000)
  object space 38400K, 16% used [0x00000000c9e00000,0x00000000ca43ca18,0x00000000cc380000)
 Metaspace       used 14488K, capacity 14758K, committed 15104K, reserved 1062912K
  class space    used 1706K, capacity 1779K, committed 1792K, reserved 1048576K
}
Event: 27.220 GC heap before
{Heap before GC invocations=159 (full 0):
 PSYoungGen      total 294912K, used 294464K [0x00000000edf80000, 0x0000000100000000, 0x0000000100000000)
  eden space 294400K, 100% used [0x00000000edf80000,0x00000000fff00000,0x00000000fff00000)
  from space 512K, 12% used [0x00000000fff80000,0x00000000fff90000,0x0000000100000000)
  to   space 512K, 0% used [0x00000000fff00000,0x00000000fff00000,0x00000000fff80000)
 ParOldGen       total 38400K, used 6386K [0x00000000c9e00000, 0x00000000cc380000, 0x00000000edf80000)
  object space 38400K, 16% used [0x00000000c9e00000,0x00000000ca43ca18,0x00000000cc380000)
 Metaspace       used 14529K, capacity 14762K, committed 15104K, reserved 1062912K
  class space    used 1712K, capacity 1779K, committed 1792K, reserved 1048576K
Event: 27.222 GC heap after
Heap after GC invocations=159 (full 0):
 PSYoungGen      total 281088K, used 96K [0x00000000edf80000, 0x0000000100000000, 0x0000000100000000)
  eden space 280576K, 0% used [0x00000000edf80000,0x00000000edf80000,0x00000000ff180000)
  from space 512K, 18% used [0x00000000fff00000,0x00000000fff18000,0x00000000fff80000)
  to   space 512K, 0% used [0x00000000fff80000,0x00000000fff80000,0x0000000100000000)
 ParOldGen       total 38400K, used 6402K [0x00000000c9e00000, 0x00000000cc380000, 0x00000000edf80000)
  object space 38400K, 16% used [0x00000000c9e00000,0x00000000ca440a18,0x00000000cc380000)
 Metaspace       used 14529K, capacity 14762K, committed 15104K, reserved 1062912K
  class space    used 1712K, capacity 1779K, committed 1792K, reserved 1048576K
}

